TN:
SF:src\lib\format.ts
FN:2,formatPrice
FN:7,formatDate
FN:15,formatDateTime
FNF:3
FNH:3
FNDA:414,formatPrice
FNDA:242,formatDate
FNDA:1,formatDateTime
DA:2,1
DA:3,414
DA:4,414
DA:7,1
DA:8,242
DA:9,241
DA:10,242
DA:11,240
DA:12,240
DA:15,1
DA:16,1
DA:17,1
LF:12
LH:12
BRDA:2,0,0,414
BRDA:7,1,0,242
BRDA:8,2,0,1
BRDA:8,3,0,241
BRDA:10,4,0,1
BRDA:10,5,0,240
BRDA:15,6,0,1
BRF:7
BRH:7
end_of_record
TN:
SF:src\lib\queryClient.ts
FNF:0
FNH:0
DA:1,1
DA:3,1
DA:4,1
DA:5,1
DA:6,1
DA:7,1
DA:8,1
DA:9,1
DA:10,1
LF:9
LH:9
BRF:0
BRH:0
end_of_record
TN:
SF:src\lib\status.ts
FNF:0
FNH:0
DA:1,1
DA:3,1
DA:6,1
DA:7,1
DA:8,1
DA:9,1
DA:10,1
DA:11,1
DA:12,1
DA:13,1
DA:14,1
DA:15,1
DA:17,1
DA:18,1
DA:19,1
DA:20,1
DA:21,1
DA:22,1
DA:23,1
DA:24,1
DA:26,1
DA:27,1
DA:28,1
DA:29,1
DA:30,1
DA:31,1
DA:33,1
DA:34,1
DA:35,1
DA:36,1
DA:37,1
DA:39,1
DA:40,1
DA:41,1
DA:42,1
DA:43,1
LF:36
LH:36
BRF:0
BRH:0
end_of_record
TN:
SF:src\pages\admin\CompaniesPage.tsx
FN:20,AdminCompaniesPage
FN:40,queryFn
FN:45,mutationFn
FN:46,onSuccess
FN:52,mutationFn
FN:53,onSuccess
FN:59,mutationFn
FN:60,onSuccess
FN:68,mutationFn
FN:70,onSuccess
FN:91,handleOpenAdd
FN:96,handleOpenEdit
FN:102,handleOpenView
FN:145,onChange
FN:156,onChange
FN:230,onClick
FN:237,onClick
FN:248,onClick
FN:260,onClick
FN:280,onClose
FN:284,onSubmit
FN:301,onChange
FN:313,onChange
FN:323,onChange
FN:341,onClose
FN:366,onChange
FN:382,onClick
FN:400,onClose
FN:450,onClick
FN:456,onClick
FNF:30
FNH:10
FNDA:49,AdminCompaniesPage
FNDA:22,queryFn
FNDA:1,mutationFn
FNDA:1,onSuccess
FNDA:1,mutationFn
FNDA:1,onSuccess
FNDA:0,mutationFn
FNDA:0,onSuccess
FNDA:0,mutationFn
FNDA:0,onSuccess
FNDA:0,handleOpenAdd
FNDA:0,handleOpenEdit
FNDA:0,handleOpenView
FNDA:7,onChange
FNDA:1,onChange
FNDA:0,onClick
FNDA:0,onClick
FNDA:1,onClick
FNDA:1,onClick
FNDA:0,onClose
FNDA:0,onSubmit
FNDA:0,onChange
FNDA:0,onChange
FNDA:0,onChange
FNDA:0,onClose
FNDA:0,onChange
FNDA:0,onClick
FNDA:0,onClose
FNDA:0,onClick
FNDA:0,onClick
DA:1,1
DA:20,49
DA:21,49
DA:22,49
DA:23,49
DA:24,49
DA:25,49
DA:26,49
DA:27,49
DA:28,49
DA:29,49
DA:30,49
DA:32,49
DA:34,49
DA:35,49
DA:36,49
DA:37,49
DA:38,49
DA:39,49
DA:40,49
DA:41,49
DA:44,49
DA:45,49
DA:46,49
DA:47,1
DA:48,1
DA:49,49
DA:51,49
DA:52,49
DA:53,49
DA:54,1
DA:55,1
DA:56,49
DA:58,49
DA:59,49
DA:60,49
DA:61,0
DA:62,0
DA:63,0
DA:64,0
DA:65,49
DA:67,49
DA:68,49
DA:69,0
DA:70,49
DA:71,0
DA:72,0
DA:73,0
DA:74,49
DA:76,49
DA:78,49
DA:79,81
DA:80,81
DA:81,13
DA:83,81
DA:84,81
DA:85,3
DA:86,3
DA:88,81
DA:89,49
DA:91,49
DA:92,0
DA:93,0
DA:94,0
DA:96,49
DA:97,0
DA:98,0
DA:99,0
DA:100,0
DA:102,49
DA:103,0
DA:104,0
DA:105,0
DA:107,49
DA:108,49
DA:109,20
DA:110,20
DA:111,20
DA:113,29
DA:114,29
DA:115,1
DA:116,1
DA:117,1
DA:120,28
DA:121,28
DA:122,28
DA:123,28
DA:124,28
DA:125,28
DA:126,28
DA:127,28
DA:128,28
DA:129,28
DA:131,28
DA:133,28
DA:134,28
DA:137,28
DA:138,28
DA:139,28
DA:140,28
DA:141,28
DA:142,28
DA:143,28
DA:144,28
DA:145,28
DA:146,28
DA:147,28
DA:148,28
DA:149,28
DA:150,28
DA:152,28
DA:153,28
DA:154,28
DA:155,28
DA:156,28
DA:157,28
DA:159,28
DA:160,28
DA:161,28
DA:162,28
DA:163,28
DA:164,28
DA:165,28
DA:168,28
DA:169,28
DA:170,28
DA:171,28
DA:172,28
DA:173,28
DA:175,28
DA:176,28
DA:178,28
DA:179,28
DA:181,28
DA:182,28
DA:184,28
DA:185,28
DA:187,28
DA:188,28
DA:190,28
DA:191,28
DA:192,28
DA:193,28
DA:194,28
DA:195,67
DA:196,67
DA:197,67
DA:199,67
DA:200,67
DA:201,67
DA:202,67
DA:203,67
DA:204,67
DA:205,67
DA:206,67
DA:207,67
DA:208,67
DA:209,67
DA:210,67
DA:211,67
DA:212,67
DA:213,67
DA:214,67
DA:215,67
DA:216,67
DA:217,67
DA:218,67
DA:219,67
DA:220,20
DA:222,67
DA:223,67
DA:224,67
DA:225,67
DA:226,67
DA:227,67
DA:228,67
DA:229,67
DA:230,67
DA:231,67
DA:232,67
DA:234,67
DA:235,67
DA:236,67
DA:237,67
DA:238,67
DA:239,67
DA:241,67
DA:242,67
DA:244,67
DA:246,67
DA:247,40
DA:248,40
DA:249,40
DA:250,40
DA:252,40
DA:253,20
DA:255,20
DA:257,40
DA:259,27
DA:260,27
DA:261,27
DA:262,27
DA:263,27
DA:265,27
DA:266,27
DA:268,67
DA:269,67
DA:270,67
DA:271,28
DA:272,28
DA:273,28
DA:274,28
DA:275,28
DA:278,28
DA:279,28
DA:280,28
DA:281,28
DA:283,28
DA:284,28
DA:285,0
DA:286,0
DA:287,0
DA:288,0
DA:289,0
DA:290,0
DA:291,0
DA:292,28
DA:294,28
DA:295,28
DA:296,28
DA:297,28
DA:298,28
DA:299,28
DA:300,28
DA:301,28
DA:302,28
DA:303,28
DA:304,28
DA:305,28
DA:307,28
DA:308,28
DA:309,28
DA:310,28
DA:311,28
DA:312,28
DA:313,28
DA:314,28
DA:315,28
DA:316,28
DA:317,28
DA:318,28
DA:319,28
DA:320,28
DA:321,28
DA:322,28
DA:323,28
DA:324,28
DA:325,28
DA:326,28
DA:327,28
DA:328,28
DA:329,28
DA:330,28
DA:332,49
DA:333,49
DA:334,49
DA:335,49
DA:336,49
DA:339,49
DA:340,49
DA:341,49
DA:342,49
DA:344,49
DA:345,49
DA:346,49
DA:347,49
DA:348,49
DA:349,49
DA:350,49
DA:351,49
DA:352,49
DA:353,49
DA:355,49
DA:356,49
DA:358,49
DA:359,49
DA:360,49
DA:361,49
DA:362,49
DA:363,49
DA:364,49
DA:365,49
DA:366,49
DA:367,0
DA:369,49
DA:370,49
DA:372,49
DA:373,49
DA:374,49
DA:377,49
DA:378,49
DA:380,49
DA:381,49
DA:382,49
DA:383,0
DA:384,0
DA:385,0
DA:386,0
DA:388,49
DA:389,49
DA:391,49
DA:392,49
DA:393,49
DA:394,49
DA:395,49
DA:398,49
DA:399,49
DA:400,49
DA:401,49
DA:403,49
DA:404,0
DA:405,0
DA:406,0
DA:407,0
DA:408,0
DA:409,0
DA:410,0
DA:411,0
DA:412,0
DA:413,0
DA:414,0
DA:416,0
DA:417,0
DA:418,0
DA:419,0
DA:420,0
DA:422,0
DA:423,0
DA:424,0
DA:425,0
DA:426,0
DA:427,0
DA:428,0
DA:429,0
DA:431,0
DA:432,0
DA:433,0
DA:434,0
DA:435,0
DA:436,0
DA:437,0
DA:438,0
DA:439,0
DA:440,0
DA:442,0
DA:443,0
DA:444,0
DA:445,0
DA:446,0
DA:448,0
DA:449,0
DA:450,0
DA:451,0
DA:452,0
DA:454,0
DA:455,0
DA:456,0
DA:457,0
DA:458,0
DA:459,0
DA:460,0
DA:462,0
DA:463,0
DA:464,0
DA:465,0
DA:467,49
DA:468,49
DA:470,49
LF:378
LH:293
BRDA:20,0,0,49
BRDA:76,1,0,28
BRDA:76,2,0,21
BRDA:108,3,0,20
BRDA:111,4,0,29
BRDA:114,5,0,1
BRDA:117,6,0,28
BRDA:332,7,0,0
BRDA:332,8,0,28
BRDA:347,9,0,0
BRDA:350,10,0,0
BRDA:351,11,0,0
BRDA:391,12,0,0
BRDA:391,13,0,28
BRDA:403,14,0,0
BRDA:40,15,0,22
BRDA:45,16,0,1
BRDA:46,17,0,1
BRDA:52,18,0,1
BRDA:53,19,0,1
BRDA:78,20,0,81
BRDA:80,21,0,0
BRDA:80,22,0,13
BRDA:81,23,0,0
BRDA:84,24,0,3
BRDA:85,25,0,0
BRDA:85,26,0,3
BRDA:88,27,0,69
BRDA:145,28,0,7
BRDA:156,29,0,1
BRDA:194,30,0,67
BRDA:197,31,0,20
BRDA:197,32,0,47
BRDA:216,33,0,40
BRDA:216,34,0,27
BRDA:219,35,0,20
BRDA:225,36,0,0
BRDA:246,37,0,40
BRDA:249,38,0,20
BRDA:249,39,0,20
BRDA:250,40,0,20
BRDA:250,41,0,20
BRDA:252,42,0,20
BRDA:253,43,0,20
BRDA:257,44,0,27
BRDA:248,45,0,1
BRDA:260,46,0,1
BRF:47
BRH:37
end_of_record
TN:
SF:src\pages\admin\DashboardPage.tsx
FN:8,AdminDashboardPage
FN:11,queryFn
FN:16,queryFn
FNF:3
FNH:3
FNDA:16,AdminDashboardPage
FNDA:11,queryFn
FNDA:11,queryFn
DA:1,1
DA:8,16
DA:9,16
DA:10,16
DA:11,16
DA:12,16
DA:14,16
DA:15,16
DA:16,16
DA:17,16
DA:19,16
DA:21,16
DA:22,16
DA:23,16
DA:24,16
DA:25,12
DA:26,12
DA:27,12
DA:28,12
DA:29,16
DA:31,16
DA:32,16
DA:33,16
DA:34,16
DA:35,16
DA:36,16
DA:37,16
DA:38,16
DA:39,16
DA:40,16
DA:41,16
DA:42,16
DA:43,16
DA:44,16
DA:45,16
DA:46,16
DA:47,16
DA:48,16
DA:49,16
DA:50,16
DA:51,16
DA:52,16
DA:53,16
DA:54,16
DA:55,16
DA:56,16
DA:57,16
DA:58,16
DA:59,16
DA:60,16
DA:61,16
DA:63,16
DA:64,16
DA:65,16
DA:66,16
DA:67,16
DA:68,16
DA:69,16
DA:70,16
DA:71,16
DA:72,16
DA:73,16
DA:74,16
DA:75,16
DA:76,16
DA:77,16
DA:78,16
DA:79,16
DA:80,16
DA:82,16
DA:83,16
DA:84,16
DA:85,16
DA:86,16
DA:87,16
DA:90,16
DA:91,16
DA:92,64
DA:93,64
DA:94,64
DA:95,64
DA:96,64
DA:97,64
DA:98,64
DA:99,64
DA:100,64
DA:101,64
DA:102,16
DA:103,16
DA:106,16
DA:107,16
DA:108,48
DA:109,48
DA:110,48
DA:111,48
DA:112,4
DA:113,44
DA:114,48
DA:116,48
DA:117,48
DA:118,48
DA:119,48
DA:120,4
DA:121,44
DA:122,48
DA:124,48
DA:125,48
DA:126,48
DA:127,48
DA:128,48
DA:129,48
DA:131,48
DA:132,48
DA:133,48
DA:134,48
DA:135,48
DA:136,16
DA:137,16
DA:139,16
DA:141,16
DA:142,16
DA:143,16
DA:144,16
DA:145,16
DA:146,16
DA:147,4
DA:148,4
DA:149,12
DA:150,12
DA:151,12
DA:153,12
DA:154,12
DA:155,12
DA:156,12
DA:157,12
DA:158,12
DA:159,12
DA:160,12
DA:161,12
DA:162,12
DA:163,12
DA:164,12
DA:165,12
DA:166,12
DA:167,4
DA:168,4
DA:170,12
DA:172,16
DA:173,16
DA:176,16
DA:177,16
DA:178,16
DA:179,16
DA:180,16
DA:181,16
DA:182,16
DA:183,16
DA:185,16
DA:186,16
DA:187,16
DA:188,16
DA:189,16
DA:190,16
DA:191,16
DA:192,16
DA:193,16
DA:194,16
DA:195,16
DA:197,16
DA:198,16
DA:199,16
DA:200,16
DA:201,16
DA:202,16
DA:203,16
DA:204,16
DA:205,16
DA:206,16
DA:207,16
DA:208,16
DA:209,16
DA:211,16
DA:212,16
DA:213,16
DA:214,16
DA:215,16
DA:216,16
DA:217,16
DA:218,16
DA:219,16
DA:220,16
DA:221,16
DA:222,16
DA:224,16
LF:194
LH:194
BRDA:8,0,0,16
BRDA:19,1,0,5
BRDA:19,2,0,11
BRDA:34,3,0,5
BRDA:34,4,0,4
BRDA:34,5,0,12
BRDA:41,6,0,5
BRDA:41,7,0,12
BRDA:42,8,0,5
BRDA:42,9,0,12
BRDA:49,10,0,5
BRDA:49,11,0,12
BRDA:56,12,0,5
BRDA:56,13,0,12
BRDA:66,14,0,5
BRDA:66,15,0,5
BRDA:66,16,0,12
BRDA:68,17,0,5
BRDA:68,18,0,5
BRDA:68,19,0,12
BRDA:72,20,0,5
BRDA:72,21,0,12
BRDA:77,22,0,5
BRDA:77,23,0,12
BRDA:77,24,0,5
BRDA:77,25,0,12
BRDA:146,26,0,4
BRDA:168,27,0,12
BRDA:203,28,0,5
BRDA:203,29,0,5
BRDA:203,30,0,12
BRDA:11,31,0,11
BRDA:16,32,0,11
BRDA:22,33,0,8
BRDA:22,34,0,0
BRDA:22,35,0,0
BRDA:24,36,0,12
BRDA:26,37,0,0
BRDA:27,38,0,0
BRDA:28,39,0,0
BRDA:91,40,0,64
BRDA:107,41,0,48
BRDA:111,42,0,4
BRDA:112,43,0,44
BRDA:119,44,0,4
BRDA:120,45,0,44
BRDA:129,46,0,4
BRDA:129,47,0,44
BRDA:148,48,0,12
BRF:49
BRH:44
end_of_record
TN:
SF:src\pages\admin\DestinationsPage.tsx
FN:18,DestinationsPage
FN:38,queryFn
FN:50,mutationFn
FN:51,onSuccess
FN:57,onError
FN:64,mutationFn
FN:66,onSuccess
FN:72,onError
FN:79,mutationFn
FN:80,onSuccess
FN:85,onError
FN:95,resetForm
FN:100,handleOpenAdd
FN:105,handleOpenEdit
FN:115,handleOpenView
FN:120,handleSubmit
FN:167,onChange
FN:203,onClick
FN:210,onClick
FN:217,onClick
FN:239,onAction
FN:246,onClose
FN:261,onChange
FN:272,onChange
FN:298,onClick
FN:321,onChange
FN:345,onClick
FN:357,onClick
FN:383,onClose
FN:418,onClick
FN:424,onClick
FN:440,onClose
FN:441,onConfirm
FN:449,onClose
FNF:34
FNH:22
FNDA:144,DestinationsPage
FNDA:30,queryFn
FNDA:2,mutationFn
FNDA:2,onSuccess
FNDA:0,onError
FNDA:1,mutationFn
FNDA:1,onSuccess
FNDA:0,onError
FNDA:1,mutationFn
FNDA:1,onSuccess
FNDA:0,onError
FNDA:7,resetForm
FNDA:4,handleOpenAdd
FNDA:2,handleOpenEdit
FNDA:1,handleOpenView
FNDA:3,handleSubmit
FNDA:28,onChange
FNDA:1,onClick
FNDA:2,onClick
FNDA:3,onClick
FNDA:1,onAction
FNDA:0,onClose
FNDA:34,onChange
FNDA:12,onChange
FNDA:0,onClick
FNDA:0,onChange
FNDA:0,onClick
FNDA:0,onClick
FNDA:0,onClose
FNDA:0,onClick
FNDA:0,onClick
FNDA:1,onClose
FNDA:1,onConfirm
FNDA:0,onClose
DA:1,1
DA:18,144
DA:19,144
DA:20,144
DA:21,144
DA:22,144
DA:23,144
DA:24,144
DA:25,144
DA:26,144
DA:27,144
DA:28,144
DA:30,144
DA:32,144
DA:33,144
DA:34,144
DA:35,144
DA:36,144
DA:37,144
DA:38,144
DA:39,144
DA:41,144
DA:43,144
DA:44,144
DA:45,342
DA:46,76
DA:47,144
DA:49,144
DA:50,144
DA:51,144
DA:52,2
DA:53,2
DA:54,2
DA:55,2
DA:56,2
DA:57,144
DA:58,0
DA:59,0
DA:60,0
DA:61,144
DA:63,144
DA:64,144
DA:65,1
DA:66,144
DA:67,1
DA:68,1
DA:69,1
DA:70,1
DA:71,1
DA:72,144
DA:73,0
DA:74,0
DA:75,0
DA:76,144
DA:78,144
DA:79,144
DA:80,144
DA:81,1
DA:82,1
DA:83,1
DA:84,1
DA:85,144
DA:86,0
DA:87,0
DA:88,0
DA:89,0
DA:90,0
DA:91,0
DA:92,0
DA:93,144
DA:95,144
DA:96,7
DA:97,7
DA:98,7
DA:100,144
DA:101,4
DA:102,4
DA:103,4
DA:105,144
DA:106,2
DA:107,2
DA:108,2
DA:109,2
DA:110,2
DA:111,2
DA:112,2
DA:113,2
DA:115,144
DA:116,1
DA:117,1
DA:118,1
DA:120,144
DA:121,3
DA:122,3
DA:123,2
DA:124,3
DA:125,1
DA:126,1
DA:127,3
DA:129,144
DA:130,144
DA:131,26
DA:132,26
DA:133,26
DA:136,118
DA:137,118
DA:138,1
DA:139,1
DA:140,1
DA:143,117
DA:144,117
DA:145,117
DA:146,117
DA:147,117
DA:148,117
DA:149,117
DA:150,117
DA:151,117
DA:152,117
DA:154,117
DA:156,117
DA:157,117
DA:160,117
DA:161,117
DA:162,117
DA:163,117
DA:164,117
DA:165,117
DA:166,117
DA:167,117
DA:168,117
DA:169,117
DA:170,117
DA:171,117
DA:174,117
DA:175,104
DA:176,104
DA:177,283
DA:178,283
DA:179,283
DA:181,283
DA:182,283
DA:183,182
DA:184,182
DA:185,182
DA:186,182
DA:187,182
DA:189,101
DA:190,101
DA:191,101
DA:193,283
DA:194,283
DA:195,283
DA:196,283
DA:197,283
DA:198,283
DA:199,283
DA:200,283
DA:201,283
DA:202,283
DA:203,283
DA:204,283
DA:205,283
DA:207,283
DA:208,283
DA:209,283
DA:210,283
DA:211,283
DA:212,283
DA:214,283
DA:215,283
DA:216,283
DA:217,283
DA:218,283
DA:219,283
DA:221,283
DA:222,283
DA:223,283
DA:224,283
DA:225,283
DA:226,283
DA:227,104
DA:228,104
DA:230,13
DA:231,13
DA:232,13
DA:233,13
DA:234,10
DA:235,3
DA:237,13
DA:238,13
DA:239,13
DA:240,13
DA:244,144
DA:245,144
DA:246,144
DA:247,0
DA:248,0
DA:249,0
DA:250,144
DA:252,144
DA:253,144
DA:254,144
DA:255,144
DA:256,144
DA:257,144
DA:258,144
DA:259,144
DA:260,144
DA:261,144
DA:262,144
DA:263,144
DA:265,144
DA:266,144
DA:267,144
DA:268,144
DA:269,144
DA:270,144
DA:271,144
DA:272,144
DA:273,144
DA:274,144
DA:276,144
DA:277,144
DA:279,144
DA:281,144
DA:282,144
DA:283,144
DA:284,17
DA:285,100
DA:286,144
DA:288,144
DA:289,17
DA:290,17
DA:291,17
DA:292,17
DA:293,17
DA:294,17
DA:295,17
DA:296,17
DA:297,17
DA:298,17
DA:299,17
DA:300,17
DA:302,17
DA:303,17
DA:304,17
DA:305,17
DA:307,100
DA:308,100
DA:309,100
DA:310,100
DA:311,100
DA:313,100
DA:314,100
DA:316,100
DA:317,100
DA:318,100
DA:319,100
DA:320,100
DA:321,100
DA:322,0
DA:323,0
DA:324,0
DA:325,0
DA:326,0
DA:327,0
DA:328,0
DA:329,0
DA:330,0
DA:331,0
DA:332,0
DA:333,0
DA:334,0
DA:335,0
DA:336,0
DA:337,0
DA:338,100
DA:339,100
DA:341,144
DA:342,144
DA:343,17
DA:344,17
DA:345,17
DA:346,17
DA:348,17
DA:350,17
DA:352,144
DA:354,144
DA:355,144
DA:356,144
DA:357,144
DA:358,0
DA:359,0
DA:360,0
DA:361,144
DA:362,144
DA:364,144
DA:365,144
DA:366,144
DA:367,144
DA:368,144
DA:370,144
DA:371,0
DA:372,117
DA:373,35
DA:374,82
DA:375,144
DA:376,144
DA:377,144
DA:378,144
DA:381,144
DA:382,144
DA:383,144
DA:384,144
DA:386,144
DA:387,18
DA:388,18
DA:389,18
DA:390,18
DA:391,18
DA:392,18
DA:393,18
DA:394,18
DA:396,0
DA:397,0
DA:398,0
DA:400,18
DA:402,18
DA:403,18
DA:404,18
DA:405,18
DA:407,18
DA:408,18
DA:410,18
DA:411,18
DA:412,18
DA:413,18
DA:414,18
DA:416,18
DA:417,18
DA:418,18
DA:419,18
DA:420,18
DA:422,18
DA:423,18
DA:424,18
DA:425,0
DA:426,0
DA:427,0
DA:428,18
DA:429,18
DA:431,18
DA:432,18
DA:433,18
DA:435,144
DA:438,144
DA:439,144
DA:440,144
DA:441,144
DA:442,144
DA:443,144
DA:444,144
DA:445,144
DA:446,144
DA:447,144
DA:449,144
DA:450,144
DA:452,144
LF:369
LH:327
BRDA:18,0,0,144
BRDA:41,1,0,117
BRDA:41,2,0,27
BRDA:130,3,0,26
BRDA:133,4,0,118
BRDA:137,5,0,1
BRDA:140,6,0,117
BRDA:174,7,0,104
BRDA:228,8,0,13
BRDA:231,9,0,10
BRDA:231,10,0,3
BRDA:233,11,0,10
BRDA:234,12,0,3
BRDA:238,13,0,10
BRDA:238,14,0,3
BRDA:245,15,0,82
BRDA:250,16,0,35
BRDA:250,17,0,82
BRDA:283,18,0,17
BRDA:284,19,0,100
BRDA:288,20,0,17
BRDA:305,21,0,100
BRDA:342,22,0,17
BRDA:367,23,0,117
BRDA:370,24,0,117
BRDA:370,25,0,0
BRDA:371,26,0,117
BRDA:372,27,0,35
BRDA:373,28,0,82
BRDA:386,29,0,18
BRDA:394,30,0,0
BRDA:412,31,0,0
BRDA:449,32,0,8
BRDA:38,33,0,30
BRDA:44,34,0,342
BRDA:45,35,0,76
BRDA:50,36,0,2
BRDA:51,37,0,2
BRDA:64,38,0,1
BRDA:66,39,0,1
BRDA:79,40,0,1
BRDA:80,41,0,1
BRDA:95,42,0,7
BRDA:100,43,0,4
BRDA:105,44,0,2
BRDA:109,45,0,0
BRDA:110,46,0,0
BRDA:115,47,0,1
BRDA:120,48,0,3
BRDA:122,49,0,2
BRDA:124,50,0,1
BRDA:167,51,0,28
BRDA:176,52,0,283
BRDA:182,53,0,182
BRDA:187,54,0,101
BRDA:197,55,0,1
BRDA:203,56,0,1
BRDA:210,57,0,2
BRDA:217,58,0,3
BRDA:239,59,0,1
BRDA:239,60,0,0
BRDA:261,61,0,34
BRDA:272,62,0,12
BRDA:440,63,0,1
BRDA:441,64,0,1
BRF:65
BRH:59
end_of_record
TN:
SF:src\pages\auth\LoginPage.tsx
FN:7,LoginPage
FN:37,handleSubmit
FN:115,onChange
FN:134,onChange
FN:141,onClick
FN:155,onChange
FNF:6
FNH:4
FNDA:99,LoginPage
FNDA:3,handleSubmit
FNDA:57,onChange
FNDA:28,onChange
FNDA:0,onClick
FNDA:0,onChange
DA:1,1
DA:7,99
DA:8,99
DA:9,99
DA:10,99
DA:11,99
DA:12,99
DA:13,99
DA:14,99
DA:15,99
DA:18,99
DA:19,5
DA:20,5
DA:21,0
DA:23,0
DA:24,0
DA:25,99
DA:27,99
DA:28,6
DA:29,3
DA:30,3
DA:31,3
DA:32,3
DA:33,3
DA:34,3
DA:35,99
DA:37,99
DA:38,3
DA:39,3
DA:40,3
DA:42,3
DA:43,3
DA:44,1
DA:46,1
DA:47,1
DA:48,3
DA:49,1
DA:51,1
DA:52,3
DA:53,2
DA:54,2
DA:55,2
DA:56,0
DA:57,2
DA:58,1
DA:59,1
DA:60,2
DA:61,3
DA:62,3
DA:63,3
DA:64,3
DA:66,99
DA:67,99
DA:69,99
DA:70,99
DA:71,99
DA:72,99
DA:73,99
DA:74,99
DA:75,99
DA:78,99
DA:80,99
DA:81,99
DA:82,99
DA:84,99
DA:85,99
DA:86,99
DA:88,99
DA:90,99
DA:91,99
DA:92,99
DA:93,99
DA:94,99
DA:97,99
DA:98,99
DA:99,2
DA:100,2
DA:101,2
DA:105,99
DA:106,99
DA:108,99
DA:109,99
DA:110,99
DA:111,99
DA:112,99
DA:113,99
DA:114,99
DA:115,99
DA:116,99
DA:117,99
DA:118,99
DA:119,99
DA:120,99
DA:121,99
DA:124,99
DA:125,99
DA:127,99
DA:128,99
DA:129,99
DA:130,99
DA:131,99
DA:132,99
DA:133,99
DA:134,99
DA:135,99
DA:136,99
DA:137,99
DA:138,99
DA:139,99
DA:140,99
DA:141,99
DA:142,99
DA:144,99
DA:145,99
DA:146,99
DA:147,99
DA:150,99
DA:151,99
DA:152,99
DA:153,99
DA:154,99
DA:155,99
DA:156,99
DA:157,99
DA:158,99
DA:159,99
DA:160,99
DA:161,99
DA:162,99
DA:163,99
DA:165,99
DA:166,99
DA:169,99
DA:170,99
DA:171,99
DA:172,99
DA:174,99
DA:175,3
DA:176,3
DA:177,3
DA:178,3
DA:179,3
DA:180,3
DA:181,3
DA:182,3
DA:183,3
DA:184,3
DA:185,3
DA:186,3
DA:187,3
DA:188,3
DA:189,3
DA:190,3
DA:191,3
DA:192,3
DA:193,3
DA:195,96
DA:197,99
DA:198,99
DA:201,99
DA:202,99
DA:203,99
DA:204,99
DA:205,99
DA:208,99
DA:209,99
DA:210,99
DA:211,99
DA:212,99
DA:213,99
DA:214,99
DA:215,99
DA:216,99
DA:217,99
DA:218,99
DA:219,99
DA:220,99
DA:221,99
DA:222,99
DA:223,99
DA:224,99
DA:225,99
DA:226,99
DA:227,99
DA:228,99
DA:229,99
DA:230,99
DA:233,99
DA:234,99
DA:235,99
DA:236,99
DA:237,99
DA:238,99
DA:240,99
DA:241,99
DA:242,99
DA:243,99
DA:244,99
DA:246,99
LF:199
LH:195
BRDA:7,0,0,99
BRDA:98,1,0,2
BRDA:132,2,0,0
BRDA:144,3,0,0
BRDA:174,4,0,3
BRDA:193,5,0,96
BRDA:18,6,0,5
BRDA:20,7,0,0
BRDA:27,8,0,6
BRDA:28,9,0,3
BRDA:28,10,0,3
BRDA:31,11,0,0
BRDA:32,12,0,0
BRDA:37,13,0,3
BRDA:43,14,0,1
BRDA:48,15,0,0
BRDA:48,16,0,1
BRDA:49,17,0,0
BRDA:52,18,0,2
BRDA:55,19,0,0
BRDA:57,20,0,1
BRDA:115,21,0,57
BRDA:134,22,0,28
BRF:23
BRH:15
end_of_record
TN:
SF:src\pages\auth\RegisterPage.tsx
FN:6,RegisterPage
FN:21,handleChange
FN:25,handleSubmit
FN:190,onClick
FN:233,onClick
FN:250,onChange
FNF:6
FNH:4
FNDA:259,RegisterPage
FNDA:243,handleChange
FNDA:4,handleSubmit
FNDA:0,onClick
FNDA:0,onClick
FNDA:3,onChange
DA:1,1
DA:6,259
DA:7,259
DA:8,259
DA:9,259
DA:10,259
DA:11,259
DA:12,259
DA:13,259
DA:14,259
DA:15,259
DA:16,259
DA:17,259
DA:18,259
DA:19,259
DA:21,259
DA:22,243
DA:23,243
DA:25,259
DA:26,4
DA:27,4
DA:29,4
DA:31,4
DA:32,1
DA:33,1
DA:34,1
DA:36,4
DA:37,1
DA:38,1
DA:39,1
DA:41,2
DA:43,2
DA:44,2
DA:45,2
DA:46,2
DA:47,2
DA:48,2
DA:49,2
DA:50,2
DA:51,1
DA:52,1
DA:53,1
DA:54,1
DA:55,1
DA:56,4
DA:57,2
DA:58,2
DA:59,4
DA:61,259
DA:62,259
DA:63,259
DA:64,259
DA:65,259
DA:66,259
DA:67,259
DA:68,259
DA:69,259
DA:71,259
DA:72,259
DA:74,259
DA:75,259
DA:76,259
DA:77,259
DA:78,259
DA:79,259
DA:80,259
DA:83,259
DA:85,259
DA:86,259
DA:87,259
DA:89,259
DA:90,259
DA:91,259
DA:93,259
DA:95,259
DA:96,259
DA:97,259
DA:98,259
DA:100,259
DA:101,259
DA:104,259
DA:105,259
DA:106,3
DA:107,3
DA:108,3
DA:112,259
DA:113,259
DA:115,259
DA:116,259
DA:117,259
DA:118,259
DA:119,259
DA:120,259
DA:121,259
DA:122,259
DA:123,259
DA:124,259
DA:125,259
DA:126,259
DA:127,259
DA:128,259
DA:129,259
DA:132,259
DA:133,259
DA:135,259
DA:136,259
DA:137,259
DA:138,259
DA:139,259
DA:140,259
DA:141,259
DA:142,259
DA:143,259
DA:144,259
DA:145,259
DA:146,259
DA:147,259
DA:148,259
DA:149,259
DA:152,259
DA:153,259
DA:155,259
DA:156,259
DA:157,259
DA:158,259
DA:159,259
DA:160,259
DA:161,259
DA:162,259
DA:163,259
DA:164,259
DA:165,259
DA:166,259
DA:167,259
DA:168,259
DA:169,259
DA:172,259
DA:173,259
DA:175,259
DA:176,259
DA:177,259
DA:178,259
DA:179,259
DA:180,259
DA:181,259
DA:182,259
DA:183,259
DA:184,259
DA:185,259
DA:186,259
DA:187,259
DA:188,259
DA:189,259
DA:190,259
DA:191,259
DA:193,259
DA:194,259
DA:195,259
DA:198,259
DA:199,259
DA:200,1036
DA:201,1036
DA:202,1036
DA:204,1036
DA:205,1036
DA:206,1036
DA:207,259
DA:208,259
DA:209,259
DA:212,259
DA:213,259
DA:214,259
DA:215,259
DA:216,259
DA:218,259
DA:219,259
DA:220,259
DA:221,259
DA:222,259
DA:223,259
DA:224,259
DA:225,259
DA:226,259
DA:227,259
DA:228,259
DA:229,259
DA:230,259
DA:231,259
DA:232,259
DA:233,259
DA:234,259
DA:236,259
DA:237,0
DA:239,259
DA:241,259
DA:242,259
DA:243,259
DA:246,259
DA:247,259
DA:248,259
DA:249,259
DA:250,259
DA:251,259
DA:252,259
DA:253,259
DA:254,259
DA:255,259
DA:257,259
DA:258,259
DA:259,259
DA:261,259
DA:262,259
DA:263,259
DA:266,259
DA:267,259
DA:268,259
DA:269,259
DA:271,259
DA:272,2
DA:273,2
DA:274,2
DA:275,2
DA:276,2
DA:277,2
DA:278,2
DA:279,2
DA:280,2
DA:281,2
DA:282,2
DA:283,2
DA:284,2
DA:285,2
DA:286,2
DA:287,2
DA:288,2
DA:289,2
DA:290,2
DA:292,257
DA:294,259
DA:295,259
DA:298,259
DA:299,259
DA:300,259
DA:301,259
DA:302,259
DA:305,259
DA:306,259
DA:307,259
DA:308,259
DA:309,259
DA:310,259
DA:311,259
DA:312,259
DA:313,259
DA:314,259
DA:315,259
DA:316,259
DA:317,259
DA:318,259
DA:319,259
DA:320,259
DA:321,259
DA:322,259
DA:323,259
DA:324,259
DA:325,259
DA:326,259
DA:327,259
DA:330,259
DA:331,259
DA:332,259
DA:333,259
DA:334,259
DA:335,259
DA:337,259
DA:338,259
DA:339,259
DA:340,259
DA:341,259
DA:343,259
LF:280
LH:279
BRDA:6,0,0,259
BRDA:66,1,0,165
BRDA:105,2,0,3
BRDA:181,3,0,0
BRDA:193,4,0,0
BRDA:224,5,0,0
BRDA:236,6,0,0
BRDA:271,7,0,2
BRDA:290,8,0,257
BRDA:21,9,0,243
BRDA:22,10,0,243
BRDA:25,11,0,4
BRDA:27,12,0,0
BRDA:31,13,0,1
BRDA:34,14,0,3
BRDA:36,15,0,1
BRDA:39,16,0,2
BRDA:50,17,0,1
BRDA:55,18,0,0
BRDA:56,19,0,2
BRDA:199,20,0,1036
BRDA:202,21,0,248
BRDA:202,22,0,788
BRDA:204,23,0,248
BRDA:204,24,0,788
BRDA:250,25,0,3
BRF:26
BRH:20
end_of_record
TN:
SF:src\pages\company\AddDeparturePage.tsx
FN:10,CompanyAddDeparturePage
FN:14,queryFn
FN:26,addDepartureRow
FN:30,removeDeparture
FN:34,updateDeparture
FN:40,handleSave
FN:96,onFocus
FN:97,onBlur
FN:98,onChange
FN:115,onClick
FN:169,onChange
FN:184,onChange
FN:200,onChange
FN:208,onClick
FN:237,onClose
FNF:15
FNH:14
FNDA:145,CompanyAddDeparturePage
FNDA:12,queryFn
FNDA:2,addDepartureRow
FNDA:1,removeDeparture
FNDA:16,updateDeparture
FNDA:7,handleSave
FNDA:7,onFocus
FNDA:6,onBlur
FNDA:73,onChange
FNDA:6,onClick
FNDA:6,onChange
FNDA:6,onChange
FNDA:4,onChange
FNDA:1,onClick
FNDA:0,onClose
DA:1,1
DA:10,145
DA:11,145
DA:12,145
DA:13,145
DA:14,145
DA:15,145
DA:17,145
DA:19,145
DA:20,145
DA:21,145
DA:22,145
DA:23,145
DA:24,145
DA:26,145
DA:27,2
DA:28,2
DA:30,145
DA:31,1
DA:32,1
DA:34,145
DA:35,16
DA:36,16
DA:37,16
DA:38,16
DA:40,145
DA:41,7
DA:42,1
DA:43,1
DA:44,1
DA:47,6
DA:48,7
DA:49,1
DA:50,1
DA:51,1
DA:53,5
DA:54,5
DA:56,5
DA:57,5
DA:58,5
DA:59,4
DA:60,4
DA:61,7
DA:62,1
DA:63,1
DA:64,1
DA:65,1
DA:66,1
DA:67,7
DA:68,5
DA:69,5
DA:70,7
DA:72,145
DA:73,145
DA:74,145
DA:75,145
DA:76,145
DA:77,145
DA:79,145
DA:81,145
DA:82,145
DA:84,145
DA:86,145
DA:88,145
DA:89,145
DA:90,145
DA:91,145
DA:92,145
DA:93,145
DA:94,145
DA:95,145
DA:96,145
DA:97,145
DA:98,145
DA:99,73
DA:100,73
DA:101,73
DA:102,73
DA:103,73
DA:104,73
DA:105,73
DA:106,145
DA:107,145
DA:108,80
DA:109,80
DA:110,80
DA:111,80
DA:112,117
DA:113,117
DA:114,117
DA:115,117
DA:116,6
DA:117,6
DA:118,6
DA:119,6
DA:121,117
DA:122,117
DA:123,117
DA:124,117
DA:125,0
DA:127,117
DA:128,80
DA:129,80
DA:130,80
DA:131,0
DA:133,0
DA:135,80
DA:137,145
DA:138,145
DA:141,145
DA:142,145
DA:143,145
DA:144,145
DA:145,145
DA:146,145
DA:148,145
DA:150,145
DA:151,145
DA:153,145
DA:154,147
DA:155,147
DA:156,147
DA:158,147
DA:159,147
DA:160,147
DA:161,147
DA:162,147
DA:164,147
DA:165,147
DA:166,147
DA:167,147
DA:168,147
DA:169,147
DA:170,147
DA:171,147
DA:172,147
DA:173,147
DA:174,147
DA:175,147
DA:176,147
DA:177,147
DA:179,147
DA:180,147
DA:181,147
DA:182,147
DA:183,147
DA:184,147
DA:185,147
DA:186,147
DA:187,147
DA:188,147
DA:189,147
DA:190,147
DA:191,147
DA:192,147
DA:194,147
DA:195,147
DA:196,147
DA:197,147
DA:198,147
DA:199,147
DA:200,147
DA:201,4
DA:203,147
DA:204,147
DA:205,147
DA:206,147
DA:207,147
DA:208,147
DA:209,147
DA:210,147
DA:212,147
DA:213,147
DA:214,147
DA:215,147
DA:216,145
DA:217,145
DA:220,145
DA:221,145
DA:222,145
DA:223,145
DA:224,145
DA:226,145
DA:227,145
DA:228,145
DA:229,145
DA:230,145
DA:231,145
DA:233,145
DA:234,145
DA:235,145
DA:237,145
DA:238,145
DA:240,145
LF:194
LH:191
BRDA:10,0,0,145
BRDA:17,1,0,133
BRDA:17,2,0,12
BRDA:93,3,0,12
BRDA:93,4,0,133
BRDA:107,5,0,80
BRDA:130,6,0,0
BRDA:226,7,0,5
BRDA:226,8,0,140
BRDA:237,9,0,7
BRDA:14,10,0,12
BRDA:26,11,0,2
BRDA:30,12,0,1
BRDA:31,13,0,2
BRDA:34,14,0,16
BRDA:40,15,0,7
BRDA:41,16,0,1
BRDA:44,17,0,6
BRDA:48,18,0,1
BRDA:51,19,0,5
BRDA:58,20,0,4
BRDA:61,21,0,1
BRDA:64,22,0,0
BRDA:67,23,0,5
BRDA:47,24,0,6
BRDA:47,25,0,5
BRDA:57,26,0,5
BRDA:60,27,0,3
BRDA:96,28,0,7
BRDA:97,29,0,6
BRDA:97,30,0,6
BRDA:98,31,0,73
BRDA:104,32,0,0
BRDA:102,33,0,146
BRDA:110,34,0,160
BRDA:111,35,0,117
BRDA:124,36,0,0
BRDA:115,37,0,6
BRDA:129,38,0,160
BRDA:153,39,0,147
BRDA:169,40,0,6
BRDA:184,41,0,6
BRDA:200,42,0,4
BRDA:201,43,0,2
BRDA:208,44,0,1
BRF:45
BRH:41
end_of_record
TN:
SF:src\pages\company\AddTourPage.tsx
FN:10,CompanyAddTourPage
FN:22,handleFileChange
FN:41,queryFn
FN:46,mutationFn
FN:47,onSuccess
FN:52,handleSubmit
FN:66,addDay
FN:76,updateItinerary
FN:82,removeDay
FN:93,onClick
FN:129,onChange
FN:138,onChange
FN:156,onChange
FN:170,onChange
FN:247,onClick
FN:261,onChange
FN:269,onChange
FNF:17
FNH:10
FNDA:167,CompanyAddTourPage
FNDA:0,handleFileChange
FNDA:11,queryFn
FNDA:0,mutationFn
FNDA:0,onSuccess
FNDA:0,handleSubmit
FNDA:4,addDay
FNDA:19,updateItinerary
FNDA:0,removeDay
FNDA:1,onClick
FNDA:29,onChange
FNDA:0,onChange
FNDA:28,onChange
FNDA:49,onChange
FNDA:0,onClick
FNDA:19,onChange
FNDA:17,onChange
DA:1,1
DA:10,167
DA:11,167
DA:12,167
DA:13,167
DA:14,167
DA:15,167
DA:16,167
DA:17,167
DA:18,167
DA:19,167
DA:20,167
DA:22,167
DA:23,0
DA:24,0
DA:26,0
DA:27,0
DA:28,0
DA:29,0
DA:30,0
DA:31,0
DA:32,0
DA:33,0
DA:34,0
DA:35,0
DA:36,0
DA:39,167
DA:40,167
DA:41,167
DA:42,167
DA:43,167
DA:45,167
DA:46,167
DA:47,167
DA:48,0
DA:49,0
DA:50,167
DA:52,167
DA:53,0
DA:56,0
DA:58,0
DA:59,0
DA:60,0
DA:61,0
DA:62,0
DA:63,0
DA:64,0
DA:66,167
DA:67,4
DA:68,4
DA:69,4
DA:70,4
DA:71,4
DA:72,4
DA:73,4
DA:74,4
DA:76,167
DA:77,19
DA:78,19
DA:79,19
DA:80,19
DA:82,167
DA:83,0
DA:85,0
DA:86,0
DA:87,0
DA:89,167
DA:90,167
DA:91,167
DA:92,167
DA:93,167
DA:94,167
DA:96,167
DA:98,167
DA:100,167
DA:101,167
DA:102,167
DA:103,167
DA:104,167
DA:105,167
DA:106,167
DA:108,167
DA:109,167
DA:110,167
DA:111,167
DA:113,167
DA:115,167
DA:116,167
DA:117,167
DA:119,167
DA:120,167
DA:121,167
DA:122,167
DA:123,167
DA:124,167
DA:125,167
DA:126,167
DA:127,167
DA:128,167
DA:129,167
DA:130,167
DA:131,167
DA:132,167
DA:133,167
DA:134,167
DA:135,167
DA:136,167
DA:137,167
DA:138,167
DA:140,167
DA:141,167
DA:142,468
DA:143,468
DA:144,468
DA:145,167
DA:146,167
DA:147,167
DA:148,167
DA:149,167
DA:150,167
DA:151,167
DA:152,167
DA:153,167
DA:154,167
DA:155,167
DA:156,167
DA:157,28
DA:158,28
DA:159,28
DA:160,167
DA:161,167
DA:162,167
DA:163,167
DA:164,167
DA:165,167
DA:166,167
DA:167,167
DA:168,167
DA:169,167
DA:170,167
DA:171,167
DA:172,167
DA:173,167
DA:174,167
DA:175,167
DA:176,167
DA:177,167
DA:178,0
DA:179,0
DA:180,0
DA:181,0
DA:182,0
DA:183,0
DA:184,0
DA:185,0
DA:186,0
DA:187,0
DA:189,167
DA:190,167
DA:191,167
DA:192,167
DA:193,167
DA:194,167
DA:196,167
DA:197,167
DA:198,167
DA:199,167
DA:200,167
DA:201,167
DA:202,167
DA:203,167
DA:204,167
DA:205,167
DA:206,167
DA:207,167
DA:208,167
DA:209,167
DA:210,167
DA:211,167
DA:212,167
DA:213,167
DA:214,167
DA:215,167
DA:218,167
DA:219,167
DA:220,167
DA:221,167
DA:223,167
DA:224,167
DA:225,167
DA:226,167
DA:227,167
DA:229,167
DA:231,167
DA:232,167
DA:234,167
DA:235,167
DA:236,172
DA:237,172
DA:238,172
DA:240,172
DA:241,172
DA:242,172
DA:243,172
DA:244,172
DA:245,9
DA:246,9
DA:247,9
DA:248,9
DA:250,9
DA:251,9
DA:253,172
DA:254,172
DA:255,172
DA:256,172
DA:257,172
DA:258,172
DA:259,172
DA:260,172
DA:261,172
DA:262,172
DA:263,172
DA:264,172
DA:265,172
DA:266,172
DA:267,172
DA:268,172
DA:269,172
DA:270,17
DA:271,17
DA:272,17
DA:273,17
DA:274,172
DA:275,172
DA:276,172
DA:277,167
DA:278,167
DA:279,167
DA:280,167
DA:281,167
DA:282,167
DA:284,167
LF:242
LH:204
BRDA:10,0,0,167
BRDA:43,1,0,156
BRDA:43,2,0,11
BRDA:109,3,0,0
BRDA:155,4,0,102
BRDA:155,5,0,65
BRDA:177,6,0,0
BRDA:192,7,0,0
BRDA:41,8,0,11
BRDA:66,9,0,4
BRDA:76,10,0,19
BRDA:93,11,0,1
BRDA:129,12,0,29
BRDA:141,13,0,468
BRDA:156,14,0,28
BRDA:170,15,0,49
BRDA:235,16,0,172
BRDA:244,17,0,9
BRDA:261,18,0,19
BRDA:269,19,0,17
BRF:20
BRH:17
end_of_record
TN:
SF:src\pages\company\BookingsPage.tsx
FN:31,CompanyBookingsPage
FN:47,queryFn
FN:74,handleUpdateStatus
FN:89,handleExport
FN:136,onChange
FN:143,onChange
FN:154,onChange
FN:230,onClick
FN:239,onClick
FN:246,onClick
FN:272,onConfirm
FN:273,onCancel
FN:280,onClose
FN:346,onClick
FN:355,onClick
FN:366,onClick
FN:376,onClose
FNF:17
FNH:10
FNDA:75,CompanyBookingsPage
FNDA:21,queryFn
FNDA:2,handleUpdateStatus
FNDA:1,handleExport
FNDA:29,onChange
FNDA:1,onChange
FNDA:1,onChange
FNDA:2,onClick
FNDA:2,onClick
FNDA:1,onClick
FNDA:0,onConfirm
FNDA:0,onCancel
FNDA:0,onClose
FNDA:0,onClick
FNDA:0,onClick
FNDA:0,onClick
FNDA:0,onClose
DA:1,1
DA:31,75
DA:32,75
DA:33,75
DA:34,75
DA:35,75
DA:36,75
DA:37,75
DA:38,75
DA:40,75
DA:41,75
DA:42,75
DA:43,75
DA:44,75
DA:45,75
DA:46,75
DA:47,75
DA:48,75
DA:50,75
DA:52,75
DA:53,168
DA:54,168
DA:55,168
DA:56,78
DA:57,64
DA:59,168
DA:60,168
DA:61,3
DA:62,2
DA:63,2
DA:65,168
DA:66,168
DA:67,3
DA:68,2
DA:69,0
DA:71,168
DA:72,75
DA:74,75
DA:75,2
DA:76,2
DA:77,2
DA:78,2
DA:79,2
DA:80,2
DA:81,2
DA:82,2
DA:83,0
DA:84,2
DA:85,2
DA:86,2
DA:87,2
DA:89,75
DA:90,1
DA:91,1
DA:92,0
DA:93,0
DA:94,1
DA:95,1
DA:97,75
DA:98,75
DA:99,19
DA:100,19
DA:101,19
DA:103,56
DA:104,56
DA:105,0
DA:106,0
DA:107,0
DA:110,56
DA:111,56
DA:112,56
DA:113,56
DA:114,56
DA:115,56
DA:116,56
DA:117,56
DA:118,56
DA:119,56
DA:120,56
DA:122,56
DA:123,75
DA:124,75
DA:125,75
DA:128,75
DA:129,75
DA:130,75
DA:131,75
DA:132,75
DA:133,75
DA:134,75
DA:135,75
DA:136,75
DA:137,75
DA:138,75
DA:139,75
DA:140,75
DA:141,75
DA:142,75
DA:143,75
DA:144,75
DA:146,75
DA:147,75
DA:148,75
DA:149,75
DA:150,75
DA:151,75
DA:152,75
DA:153,75
DA:154,75
DA:155,75
DA:157,75
DA:158,75
DA:159,75
DA:160,75
DA:161,75
DA:162,75
DA:165,75
DA:166,75
DA:167,75
DA:168,75
DA:169,75
DA:170,75
DA:172,75
DA:173,75
DA:175,75
DA:176,75
DA:178,75
DA:179,75
DA:181,75
DA:182,75
DA:184,75
DA:185,75
DA:187,75
DA:188,75
DA:190,75
DA:191,75
DA:193,75
DA:194,75
DA:196,75
DA:197,75
DA:198,75
DA:199,75
DA:200,75
DA:201,104
DA:202,104
DA:203,104
DA:204,104
DA:205,104
DA:206,104
DA:207,104
DA:208,104
DA:209,104
DA:210,104
DA:211,104
DA:212,104
DA:213,104
DA:214,104
DA:215,104
DA:216,104
DA:217,104
DA:218,104
DA:219,104
DA:220,104
DA:221,104
DA:222,104
DA:223,104
DA:224,104
DA:225,104
DA:226,104
DA:227,104
DA:228,104
DA:229,104
DA:230,104
DA:231,104
DA:232,104
DA:234,104
DA:235,104
DA:236,104
DA:237,38
DA:238,38
DA:239,38
DA:240,38
DA:241,38
DA:243,38
DA:244,38
DA:245,38
DA:246,38
DA:247,38
DA:248,38
DA:250,38
DA:251,38
DA:252,38
DA:254,104
DA:255,104
DA:256,104
DA:257,75
DA:258,75
DA:259,75
DA:260,75
DA:261,10
DA:263,10
DA:265,75
DA:266,75
DA:268,75
DA:269,75
DA:270,75
DA:271,75
DA:272,75
DA:273,75
DA:274,75
DA:275,75
DA:278,75
DA:279,75
DA:280,75
DA:281,75
DA:283,75
DA:284,2
DA:285,2
DA:286,2
DA:287,2
DA:289,2
DA:290,2
DA:291,2
DA:292,2
DA:293,2
DA:294,2
DA:296,2
DA:297,2
DA:298,2
DA:299,2
DA:300,2
DA:301,0
DA:302,2
DA:303,2
DA:304,2
DA:306,2
DA:307,2
DA:308,2
DA:309,2
DA:310,2
DA:311,2
DA:312,2
DA:313,2
DA:314,2
DA:315,2
DA:316,2
DA:317,2
DA:318,2
DA:319,2
DA:320,2
DA:321,2
DA:323,2
DA:324,2
DA:326,2
DA:327,2
DA:328,2
DA:329,2
DA:330,2
DA:331,2
DA:332,2
DA:333,2
DA:334,2
DA:335,2
DA:336,2
DA:337,2
DA:338,2
DA:339,2
DA:340,2
DA:341,2
DA:343,2
DA:344,0
DA:345,0
DA:346,0
DA:347,0
DA:348,0
DA:349,0
DA:350,0
DA:351,0
DA:353,0
DA:354,0
DA:355,0
DA:356,0
DA:357,0
DA:358,0
DA:359,0
DA:360,0
DA:362,0
DA:363,0
DA:365,2
DA:366,2
DA:367,2
DA:368,2
DA:370,2
DA:372,2
DA:374,75
DA:376,75
DA:377,75
DA:379,75
LF:298
LH:272
BRDA:31,0,0,75
BRDA:50,1,0,56
BRDA:50,2,0,19
BRDA:98,3,0,19
BRDA:101,4,0,56
BRDA:104,5,0,0
BRDA:107,6,0,56
BRDA:123,7,0,1
BRDA:123,8,0,55
BRDA:260,9,0,10
BRDA:281,10,0,2
BRDA:283,11,0,2
BRDA:291,12,0,0
BRDA:300,13,0,0
BRDA:343,14,0,0
BRDA:376,15,0,2
BRDA:47,16,0,21
BRDA:52,17,0,168
BRDA:55,18,0,0
BRDA:55,19,0,78
BRDA:56,20,0,0
BRDA:56,21,0,64
BRDA:60,22,0,3
BRDA:61,23,0,2
BRDA:62,24,0,0
BRDA:62,25,0,2
BRDA:63,26,0,0
BRDA:66,27,0,3
BRDA:67,28,0,2
BRDA:68,29,0,0
BRDA:71,30,0,108
BRDA:71,31,0,106
BRDA:74,32,0,2
BRDA:78,33,0,0
BRDA:82,34,0,0
BRDA:89,35,0,1
BRDA:136,36,0,29
BRDA:143,37,0,1
BRDA:154,38,0,1
BRDA:200,39,0,104
BRDA:210,40,0,0
BRDA:215,41,0,0
BRDA:236,42,0,38
BRDA:230,43,0,2
BRDA:239,44,0,2
BRDA:246,45,0,1
BRF:46
BRH:33
end_of_record
TN:
SF:src\pages\company\DashboardPage.tsx
FN:10,CompanyDashboardPage
FN:16,queryFn
FN:22,queryFn
FN:28,queryFn
FNF:4
FNH:4
FNDA:12,CompanyDashboardPage
FNDA:9,queryFn
FNDA:9,queryFn
FNDA:9,queryFn
DA:1,1
DA:10,12
DA:11,12
DA:12,12
DA:14,12
DA:15,12
DA:16,12
DA:17,12
DA:18,12
DA:20,12
DA:21,12
DA:22,12
DA:23,12
DA:24,12
DA:26,12
DA:27,12
DA:28,12
DA:29,12
DA:30,12
DA:32,12
DA:33,12
DA:34,12
DA:36,12
DA:37,12
DA:38,6
DA:39,6
DA:40,6
DA:41,12
DA:42,12
DA:43,12
DA:44,12
DA:45,12
DA:46,12
DA:47,12
DA:49,12
DA:50,12
DA:51,12
DA:52,12
DA:53,12
DA:54,12
DA:55,12
DA:57,12
DA:58,12
DA:59,12
DA:60,12
DA:61,12
DA:62,12
DA:65,12
DA:66,12
DA:67,12
DA:68,12
DA:69,12
DA:70,12
DA:71,12
DA:72,12
DA:73,12
DA:74,12
DA:75,12
DA:76,12
DA:77,12
DA:78,12
DA:79,12
DA:80,12
DA:81,12
DA:82,12
DA:83,12
DA:84,12
DA:85,12
DA:86,12
DA:87,12
DA:88,12
DA:89,12
DA:90,12
DA:91,12
DA:92,12
DA:93,12
DA:94,12
DA:96,12
DA:98,12
DA:99,12
DA:100,12
DA:101,12
DA:102,12
DA:103,12
DA:104,12
DA:105,9
DA:107,3
DA:108,6
DA:109,6
DA:110,6
DA:112,6
DA:113,6
DA:114,6
DA:115,6
DA:116,6
DA:117,6
DA:118,6
DA:119,6
DA:120,6
DA:121,6
DA:122,6
DA:123,6
DA:124,6
DA:125,6
DA:126,6
DA:127,3
DA:129,12
DA:130,12
DA:131,12
DA:134,12
DA:135,12
DA:136,12
DA:137,12
DA:138,12
DA:139,12
DA:140,12
DA:141,9
DA:143,3
DA:144,3
DA:145,3
DA:146,3
DA:147,3
DA:148,3
DA:150,3
DA:151,3
DA:152,3
DA:153,3
DA:154,3
DA:155,3
DA:156,3
DA:157,3
DA:158,3
DA:159,3
DA:160,3
DA:161,3
DA:162,3
DA:163,3
DA:164,3
DA:165,3
DA:166,3
DA:167,3
DA:168,3
DA:169,3
DA:170,3
DA:171,3
DA:172,3
DA:174,3
DA:176,12
DA:177,12
DA:178,12
DA:179,12
DA:180,12
DA:182,12
LF:153
LH:153
BRDA:10,0,0,12
BRDA:32,1,0,3
BRDA:32,2,0,9
BRDA:33,3,0,3
BRDA:33,4,0,9
BRDA:34,5,0,3
BRDA:34,6,0,9
BRDA:104,7,0,9
BRDA:105,8,0,3
BRDA:140,9,0,9
BRDA:141,10,0,3
BRDA:16,11,0,9
BRDA:22,12,0,9
BRDA:28,13,0,9
BRDA:37,14,0,6
BRDA:40,15,0,3
BRDA:42,16,0,3
BRDA:44,17,0,6
BRDA:46,18,0,6
BRDA:46,19,0,3
BRDA:50,20,0,3
BRDA:50,21,0,0
BRDA:50,22,0,0
BRDA:53,23,0,3
BRDA:107,24,0,6
BRDA:114,25,0,0
BRDA:143,26,0,3
BRDA:152,27,0,0
BRDA:167,28,0,0
BRF:29
BRH:24
end_of_record
TN:
SF:src\pages\company\SettingsPage.tsx
FN:8,CompanySettingsPage
FN:23,handleSubmit
FN:62,onChange
FN:92,onChange
FN:106,onChange
FN:121,onChange
FN:182,onClose
FNF:7
FNH:6
FNDA:153,CompanySettingsPage
FNDA:3,handleSubmit
FNDA:33,onChange
FNDA:22,onChange
FNDA:30,onChange
FNDA:47,onChange
FNDA:0,onClose
DA:1,1
DA:8,153
DA:9,153
DA:10,153
DA:12,153
DA:13,153
DA:14,153
DA:15,153
DA:16,153
DA:17,153
DA:18,153
DA:20,153
DA:21,153
DA:23,153
DA:24,3
DA:25,3
DA:28,3
DA:29,2
DA:30,2
DA:31,3
DA:32,3
DA:34,153
DA:35,153
DA:36,153
DA:37,153
DA:38,153
DA:39,153
DA:41,153
DA:43,153
DA:44,153
DA:45,153
DA:46,153
DA:48,153
DA:49,153
DA:51,153
DA:53,153
DA:54,153
DA:55,153
DA:56,153
DA:58,153
DA:59,153
DA:60,153
DA:61,153
DA:62,153
DA:63,153
DA:64,153
DA:65,153
DA:66,153
DA:68,153
DA:69,153
DA:70,153
DA:72,153
DA:73,153
DA:74,153
DA:75,153
DA:76,153
DA:77,153
DA:78,153
DA:79,153
DA:81,153
DA:82,153
DA:84,153
DA:85,153
DA:86,153
DA:88,153
DA:89,153
DA:90,153
DA:91,153
DA:92,153
DA:93,153
DA:94,153
DA:95,153
DA:96,153
DA:98,153
DA:99,153
DA:100,153
DA:102,153
DA:103,153
DA:104,153
DA:105,153
DA:106,153
DA:107,153
DA:108,153
DA:109,153
DA:110,153
DA:111,153
DA:113,153
DA:114,153
DA:115,153
DA:117,153
DA:118,153
DA:119,153
DA:120,153
DA:121,153
DA:122,153
DA:123,153
DA:124,153
DA:125,153
DA:127,153
DA:128,153
DA:129,153
DA:130,153
DA:131,153
DA:133,153
DA:134,153
DA:135,153
DA:136,153
DA:137,153
DA:140,153
DA:141,153
DA:142,153
DA:144,153
DA:145,153
DA:146,153
DA:147,153
DA:148,153
DA:150,153
DA:151,153
DA:152,153
DA:154,153
DA:155,153
DA:156,153
DA:157,153
DA:160,153
DA:161,153
DA:162,153
DA:163,153
DA:165,153
DA:166,153
DA:169,153
DA:170,153
DA:172,153
DA:173,153
DA:174,153
DA:175,153
DA:176,153
DA:177,153
DA:178,153
DA:179,153
DA:180,153
DA:182,153
DA:183,153
DA:185,153
LF:143
LH:143
BRDA:8,0,0,153
BRDA:13,1,0,0
BRDA:14,2,0,0
BRDA:15,3,0,152
BRDA:15,4,0,1
BRDA:16,5,0,152
BRDA:16,6,0,1
BRDA:17,7,0,152
BRDA:17,8,0,1
BRDA:134,9,0,3
BRDA:134,10,0,150
BRDA:182,11,0,0
BRDA:23,12,0,3
BRDA:28,13,0,2
BRDA:62,14,0,33
BRDA:92,15,0,22
BRDA:106,16,0,30
BRDA:121,17,0,47
BRF:18
BRH:15
end_of_record
TN:
SF:src\pages\company\ToursPage.tsx
FN:13,CompanyToursPage
FN:31,queryFn
FN:49,mutationFn
FN:50,onSuccess
FN:57,mutationFn
FN:58,onSuccess
FN:64,handleDelete
FN:68,handlePublish
FN:111,onChange
FN:118,onChange
FN:172,onClick
FN:195,onClick
FN:219,onAction
FN:232,onClose
FN:233,onConfirm
FN:236,onSuccess
FN:249,onClose
FN:250,onConfirm
FN:253,onSuccess
FN:264,onClose
FNF:20
FNH:16
FNDA:62,CompanyToursPage
FNDA:17,queryFn
FNDA:2,mutationFn
FNDA:2,onSuccess
FNDA:2,mutationFn
FNDA:2,onSuccess
FNDA:2,handleDelete
FNDA:3,handlePublish
FNDA:22,onChange
FNDA:1,onChange
FNDA:3,onClick
FNDA:2,onClick
FNDA:0,onAction
FNDA:0,onClose
FNDA:2,onConfirm
FNDA:2,onSuccess
FNDA:0,onClose
FNDA:2,onConfirm
FNDA:2,onSuccess
FNDA:0,onClose
DA:1,1
DA:13,62
DA:14,62
DA:15,62
DA:16,62
DA:19,62
DA:20,62
DA:23,62
DA:25,62
DA:26,62
DA:27,62
DA:28,62
DA:29,62
DA:30,62
DA:31,62
DA:32,62
DA:34,62
DA:36,62
DA:37,147
DA:38,147
DA:39,57
DA:40,147
DA:41,147
DA:42,3
DA:43,3
DA:44,147
DA:45,62
DA:47,62
DA:48,62
DA:49,62
DA:50,62
DA:51,2
DA:52,2
DA:53,2
DA:54,62
DA:56,62
DA:57,62
DA:58,62
DA:59,2
DA:60,2
DA:61,2
DA:62,62
DA:64,62
DA:65,2
DA:66,2
DA:68,62
DA:69,3
DA:70,3
DA:72,62
DA:73,62
DA:74,13
DA:75,13
DA:76,13
DA:78,49
DA:79,49
DA:80,0
DA:81,0
DA:82,0
DA:85,49
DA:86,49
DA:87,49
DA:88,49
DA:89,49
DA:90,49
DA:91,49
DA:92,49
DA:93,49
DA:94,49
DA:96,49
DA:98,49
DA:99,49
DA:102,49
DA:103,49
DA:104,49
DA:105,49
DA:106,49
DA:107,49
DA:108,49
DA:109,49
DA:110,49
DA:111,49
DA:112,49
DA:113,49
DA:114,49
DA:115,49
DA:116,49
DA:117,49
DA:118,49
DA:120,49
DA:121,49
DA:122,49
DA:123,49
DA:124,49
DA:125,49
DA:126,49
DA:129,49
DA:130,34
DA:131,34
DA:132,34
DA:133,34
DA:134,34
DA:135,34
DA:136,34
DA:137,34
DA:138,34
DA:139,34
DA:140,34
DA:141,34
DA:142,34
DA:143,34
DA:144,88
DA:145,88
DA:146,88
DA:147,88
DA:148,88
DA:149,88
DA:150,0
DA:152,88
DA:153,88
DA:154,88
DA:155,88
DA:156,88
DA:157,88
DA:158,88
DA:159,88
DA:160,88
DA:161,88
DA:162,88
DA:163,88
DA:164,88
DA:165,88
DA:166,88
DA:167,88
DA:168,88
DA:169,88
DA:170,88
DA:171,34
DA:172,34
DA:173,34
DA:174,34
DA:175,34
DA:177,34
DA:178,34
DA:180,88
DA:181,88
DA:182,88
DA:183,88
DA:185,88
DA:186,88
DA:187,88
DA:188,88
DA:189,88
DA:190,88
DA:192,88
DA:193,88
DA:194,88
DA:195,88
DA:196,88
DA:197,88
DA:198,88
DA:200,88
DA:201,88
DA:202,88
DA:203,88
DA:204,88
DA:205,34
DA:206,34
DA:207,34
DA:208,34
DA:209,34
DA:211,15
DA:212,15
DA:213,15
DA:214,15
DA:215,15
DA:216,0
DA:218,15
DA:219,15
DA:220,0
DA:221,0
DA:222,0
DA:223,0
DA:224,0
DA:225,0
DA:226,0
DA:227,15
DA:230,62
DA:231,62
DA:232,62
DA:233,62
DA:234,2
DA:235,2
DA:236,2
DA:237,2
DA:238,2
DA:239,2
DA:240,62
DA:241,62
DA:242,62
DA:243,62
DA:244,62
DA:245,62
DA:247,62
DA:248,62
DA:249,62
DA:250,62
DA:251,2
DA:252,2
DA:253,2
DA:254,2
DA:255,2
DA:256,2
DA:257,62
DA:258,62
DA:259,62
DA:260,62
DA:261,62
DA:262,62
DA:264,62
DA:265,62
DA:267,62
LF:221
LH:209
BRDA:13,0,0,62
BRDA:34,1,0,49
BRDA:34,2,0,13
BRDA:73,3,0,13
BRDA:76,4,0,49
BRDA:79,5,0,0
BRDA:82,6,0,49
BRDA:129,7,0,34
BRDA:209,8,0,15
BRDA:215,9,0,0
BRDA:218,10,0,0
BRDA:264,11,0,8
BRDA:31,12,0,17
BRDA:36,13,0,147
BRDA:38,14,0,57
BRDA:41,15,0,3
BRDA:42,16,0,0
BRDA:42,17,0,3
BRDA:44,18,0,90
BRDA:49,19,0,2
BRDA:50,20,0,2
BRDA:57,21,0,2
BRDA:58,22,0,2
BRDA:64,23,0,2
BRDA:68,24,0,3
BRDA:111,25,0,22
BRDA:118,26,0,1
BRDA:143,27,0,88
BRDA:149,28,0,0
BRDA:170,29,0,34
BRDA:172,30,0,3
BRDA:195,31,0,2
BRDA:233,32,0,2
BRDA:236,33,0,2
BRDA:250,34,0,2
BRDA:253,35,0,2
BRF:36
BRH:31
end_of_record
TN:
SF:src\pages\guest\CheckoutPage.tsx
FN:24,CheckoutPage
FN:54,onClick
FN:65,handleInputChange
FN:70,handleStep1
FN:100,handleStep2
FN:105,confirmPayment
FN:120,handleNext
FN:231,onChange
FN:246,onChange
FN:261,onChange
FN:275,onClick
FN:364,onClose
FN:419,onClick
FN:430,onClose
FN:439,onClick
FNF:15
FNH:4
FNDA:53,CheckoutPage
FNDA:0,onClick
FNDA:44,handleInputChange
FNDA:3,handleStep1
FNDA:0,handleStep2
FNDA:0,confirmPayment
FNDA:3,handleNext
FNDA:0,onChange
FNDA:0,onChange
FNDA:0,onChange
FNDA:0,onClick
FNDA:0,onClose
FNDA:0,onClick
FNDA:0,onClose
FNDA:0,onClick
DA:1,1
DA:24,53
DA:25,53
DA:26,53
DA:27,53
DA:29,53
DA:30,53
DA:31,53
DA:32,53
DA:33,53
DA:34,53
DA:35,53
DA:36,53
DA:37,53
DA:38,53
DA:42,53
DA:43,53
DA:44,53
DA:45,53
DA:46,53
DA:47,53
DA:49,53
DA:50,1
DA:51,1
DA:52,1
DA:53,1
DA:54,1
DA:56,1
DA:57,1
DA:58,1
DA:60,1
DA:62,52
DA:63,52
DA:65,52
DA:66,44
DA:67,44
DA:68,44
DA:70,52
DA:71,3
DA:72,3
DA:73,1
DA:74,1
DA:75,1
DA:76,1
DA:77,1
DA:78,1
DA:79,1
DA:81,2
DA:82,2
DA:83,2
DA:84,2
DA:85,2
DA:86,2
DA:87,2
DA:88,1
DA:89,1
DA:90,1
DA:91,1
DA:92,1
DA:93,1
DA:94,1
DA:95,1
DA:96,1
DA:97,1
DA:98,3
DA:100,52
DA:101,0
DA:102,0
DA:103,0
DA:105,52
DA:106,0
DA:107,0
DA:108,0
DA:109,0
DA:110,0
DA:111,0
DA:112,0
DA:113,0
DA:114,0
DA:115,0
DA:116,0
DA:117,0
DA:118,0
DA:120,52
DA:121,3
DA:122,0
DA:123,3
DA:125,52
DA:126,52
DA:127,52
DA:128,52
DA:129,52
DA:130,52
DA:132,52
DA:134,52
DA:137,52
DA:138,52
DA:139,156
DA:140,156
DA:141,156
DA:142,156
DA:143,53
DA:144,103
DA:145,156
DA:147,156
DA:148,156
DA:149,156
DA:150,156
DA:152,156
DA:153,156
DA:154,156
DA:155,156
DA:156,52
DA:157,52
DA:159,52
DA:160,52
DA:161,52
DA:162,51
DA:163,51
DA:164,51
DA:165,51
DA:166,51
DA:167,51
DA:168,51
DA:169,51
DA:170,51
DA:171,51
DA:172,51
DA:173,51
DA:174,51
DA:175,51
DA:176,51
DA:177,51
DA:178,51
DA:179,51
DA:180,51
DA:181,51
DA:182,51
DA:183,51
DA:184,51
DA:185,51
DA:186,51
DA:187,51
DA:188,51
DA:189,51
DA:190,51
DA:191,51
DA:192,51
DA:193,51
DA:194,51
DA:195,51
DA:196,51
DA:197,51
DA:198,51
DA:199,51
DA:200,51
DA:201,51
DA:202,51
DA:203,51
DA:204,51
DA:205,51
DA:206,51
DA:207,51
DA:208,51
DA:209,51
DA:210,51
DA:211,51
DA:212,51
DA:213,51
DA:214,51
DA:215,51
DA:217,51
DA:218,51
DA:221,53
DA:222,1
DA:223,1
DA:224,1
DA:225,1
DA:226,1
DA:227,1
DA:228,1
DA:229,1
DA:230,1
DA:231,1
DA:232,1
DA:233,1
DA:234,1
DA:235,1
DA:236,1
DA:237,1
DA:238,1
DA:239,1
DA:240,1
DA:241,1
DA:242,1
DA:243,1
DA:244,1
DA:245,1
DA:246,1
DA:247,1
DA:248,1
DA:249,1
DA:250,1
DA:251,1
DA:252,1
DA:253,1
DA:254,1
DA:255,1
DA:256,1
DA:257,1
DA:258,1
DA:259,1
DA:260,1
DA:261,1
DA:262,1
DA:263,1
DA:264,1
DA:265,1
DA:266,1
DA:267,1
DA:269,1
DA:270,1
DA:271,1
DA:272,1
DA:273,1
DA:274,1
DA:275,1
DA:276,1
DA:277,1
DA:279,1
DA:280,1
DA:281,1
DA:282,1
DA:283,1
DA:285,1
DA:286,1
DA:287,1
DA:290,53
DA:291,0
DA:292,0
DA:293,0
DA:294,0
DA:295,0
DA:296,0
DA:298,0
DA:299,0
DA:300,0
DA:301,0
DA:302,0
DA:303,0
DA:304,0
DA:305,0
DA:306,0
DA:307,0
DA:308,0
DA:310,0
DA:311,0
DA:313,53
DA:315,53
DA:316,53
DA:317,53
DA:319,53
DA:320,53
DA:321,53
DA:322,53
DA:323,53
DA:324,53
DA:325,53
DA:326,53
DA:327,53
DA:328,53
DA:329,53
DA:331,53
DA:332,53
DA:333,53
DA:334,53
DA:335,53
DA:336,53
DA:337,53
DA:338,53
DA:339,53
DA:340,53
DA:341,53
DA:342,53
DA:343,53
DA:344,53
DA:346,53
DA:347,53
DA:348,53
DA:349,53
DA:350,53
DA:351,53
DA:353,53
DA:354,53
DA:355,53
DA:356,53
DA:357,53
DA:358,53
DA:359,53
DA:360,53
DA:362,53
DA:363,53
DA:364,53
DA:365,53
DA:366,53
DA:368,53
DA:369,53
DA:370,53
DA:371,53
DA:372,53
DA:374,53
DA:375,0
DA:376,0
DA:377,0
DA:378,0
DA:379,0
DA:380,0
DA:381,0
DA:382,0
DA:383,0
DA:384,0
DA:385,0
DA:386,0
DA:387,0
DA:388,0
DA:389,0
DA:390,0
DA:391,0
DA:392,0
DA:394,0
DA:395,0
DA:397,52
DA:398,52
DA:399,52
DA:400,52
DA:401,52
DA:402,52
DA:403,52
DA:404,52
DA:405,52
DA:406,52
DA:407,52
DA:408,52
DA:411,53
DA:412,53
DA:413,53
DA:414,53
DA:415,53
DA:417,53
DA:418,53
DA:419,53
DA:420,53
DA:421,53
DA:423,53
DA:424,53
DA:425,53
DA:426,53
DA:428,53
DA:429,53
DA:430,53
DA:431,53
DA:433,53
DA:434,53
DA:435,53
DA:436,53
DA:437,53
DA:438,53
DA:439,53
DA:440,53
DA:441,53
DA:443,53
DA:444,53
DA:445,53
DA:446,53
DA:448,53
LF:375
LH:319
BRDA:24,0,0,53
BRDA:49,1,0,1
BRDA:60,2,0,52
BRDA:161,3,0,51
BRDA:221,4,0,1
BRDA:290,5,0,0
BRDA:374,6,0,0
BRDA:395,7,0,52
BRDA:65,8,0,44
BRDA:67,9,0,44
BRDA:70,10,0,3
BRDA:72,11,0,2
BRDA:72,12,0,2
BRDA:72,13,0,1
BRDA:79,14,0,2
BRDA:87,15,0,1
BRDA:95,16,0,0
BRDA:120,17,0,3
BRDA:121,18,0,0
BRDA:138,19,0,156
BRDA:142,20,0,53
BRDA:143,21,0,103
BRDA:147,22,0,1
BRDA:147,23,0,155
BRDA:150,24,0,53
BRDA:150,25,0,103
BRDA:152,26,0,52
BRDA:152,27,0,104
BRDA:152,28,0,52
BRDA:152,29,0,52
BRDA:154,30,0,104
BRF:31
BRH:27
end_of_record
TN:
SF:src\pages\guest\HomePage.tsx
FN:42,HomePage
FN:58,queryFn
FN:62,handleSearch
FN:104,onChange
FN:131,onChange
FN:153,onChange
FNF:6
FNH:2
FNDA:6,HomePage
FNDA:4,queryFn
FNDA:0,handleSearch
FNDA:0,onChange
FNDA:0,onChange
FNDA:0,onChange
DA:1,1
DA:18,1
DA:19,1
DA:20,1
DA:21,1
DA:22,1
DA:23,1
DA:24,1
DA:25,1
DA:26,1
DA:27,1
DA:28,1
DA:29,1
DA:30,1
DA:31,1
DA:32,1
DA:33,1
DA:34,1
DA:35,1
DA:36,1
DA:37,1
DA:38,1
DA:39,1
DA:40,1
DA:42,6
DA:43,6
DA:44,6
DA:45,6
DA:46,6
DA:49,6
DA:50,6
DA:51,6
DA:52,6
DA:53,6
DA:56,6
DA:57,6
DA:58,6
DA:59,6
DA:60,6
DA:62,6
DA:63,0
DA:64,0
DA:65,0
DA:66,0
DA:67,0
DA:68,0
DA:70,6
DA:71,6
DA:73,6
DA:75,6
DA:76,6
DA:77,6
DA:78,6
DA:79,6
DA:80,6
DA:81,6
DA:84,6
DA:85,6
DA:87,6
DA:90,6
DA:92,6
DA:93,6
DA:94,6
DA:95,6
DA:96,6
DA:98,6
DA:99,6
DA:100,6
DA:101,6
DA:102,6
DA:103,6
DA:104,6
DA:105,6
DA:107,6
DA:108,6
DA:109,0
DA:110,0
DA:111,0
DA:112,6
DA:113,6
DA:114,6
DA:115,6
DA:118,6
DA:119,6
DA:120,6
DA:121,6
DA:122,6
DA:124,6
DA:125,6
DA:126,6
DA:127,6
DA:128,6
DA:129,6
DA:130,6
DA:131,6
DA:132,6
DA:133,6
DA:134,6
DA:135,6
DA:138,6
DA:139,6
DA:140,6
DA:141,6
DA:142,6
DA:144,6
DA:145,6
DA:146,6
DA:147,6
DA:148,6
DA:149,6
DA:150,6
DA:151,6
DA:152,6
DA:153,6
DA:154,6
DA:155,6
DA:156,6
DA:157,6
DA:158,6
DA:161,6
DA:162,6
DA:163,6
DA:165,6
DA:167,6
DA:168,6
DA:169,6
DA:170,6
DA:173,6
DA:174,6
DA:175,6
DA:176,6
DA:177,6
DA:179,6
DA:180,6
DA:181,6
DA:182,6
DA:183,6
DA:184,6
DA:185,6
DA:186,6
DA:187,6
DA:189,6
DA:190,4
DA:192,4
DA:193,2
DA:194,2
DA:196,0
DA:197,0
DA:198,0
DA:199,0
DA:200,0
DA:203,0
DA:204,0
DA:205,0
DA:206,0
DA:207,0
DA:208,0
DA:210,0
DA:211,0
DA:213,0
DA:214,0
DA:216,0
DA:217,0
DA:218,0
DA:221,0
DA:222,0
DA:223,0
DA:224,0
DA:225,0
DA:227,0
DA:228,0
DA:229,0
DA:231,0
DA:232,0
DA:233,0
DA:234,0
DA:235,0
DA:236,0
DA:237,0
DA:238,0
DA:239,0
DA:240,0
DA:241,0
DA:243,0
DA:244,0
DA:245,0
DA:246,0
DA:247,0
DA:248,0
DA:249,0
DA:250,0
DA:251,0
DA:253,0
DA:254,0
DA:255,0
DA:256,0
DA:257,0
DA:258,0
DA:260,6
DA:263,6
DA:264,6
DA:265,6
DA:266,6
DA:267,6
DA:268,6
DA:269,6
DA:270,18
DA:271,18
DA:272,18
DA:273,18
DA:274,18
DA:275,18
DA:276,18
DA:277,18
DA:278,18
DA:279,6
DA:280,6
DA:281,6
DA:284,6
DA:285,6
DA:286,6
DA:287,6
DA:288,6
DA:289,6
DA:290,6
DA:291,6
DA:292,6
DA:293,6
DA:296,6
DA:297,6
DA:298,6
DA:299,6
DA:301,6
DA:302,6
DA:303,6
DA:304,6
DA:305,6
DA:306,6
DA:308,6
DA:309,6
DA:310,6
DA:311,6
DA:312,6
DA:314,6
DA:315,6
DA:316,6
DA:317,6
DA:318,6
DA:320,6
LF:249
LH:188
BRDA:42,0,0,6
BRDA:53,1,0,2
BRDA:53,2,0,4
BRDA:60,3,0,1
BRDA:60,4,0,5
BRDA:189,5,0,4
BRDA:192,6,0,2
BRDA:194,7,0,0
BRDA:58,8,0,4
BRDA:269,9,0,18
BRF:10
BRH:9
end_of_record
TN:
SF:src\pages\guest\MyTripsPage.tsx
FN:27,MyTripsPage
FN:37,queryFn
FN:58,onAction
FN:158,onAction
FNF:4
FNH:1
FNDA:4,MyTripsPage
FNDA:0,queryFn
FNDA:0,onAction
FNDA:0,onAction
DA:1,1
DA:27,4
DA:28,4
DA:29,4
DA:31,4
DA:32,4
DA:33,4
DA:34,4
DA:35,4
DA:36,4
DA:37,4
DA:38,4
DA:39,4
DA:41,4
DA:43,4
DA:44,4
DA:45,4
DA:46,4
DA:47,4
DA:48,4
DA:50,4
DA:51,4
DA:52,4
DA:53,4
DA:54,4
DA:55,4
DA:56,4
DA:57,4
DA:58,4
DA:59,4
DA:60,4
DA:61,4
DA:63,4
DA:65,0
DA:66,0
DA:68,0
DA:69,0
DA:70,0
DA:71,0
DA:74,0
DA:75,0
DA:76,0
DA:77,0
DA:78,0
DA:79,0
DA:80,0
DA:81,0
DA:83,0
DA:84,0
DA:85,0
DA:86,0
DA:87,0
DA:88,0
DA:90,0
DA:91,0
DA:92,0
DA:93,0
DA:94,0
DA:95,0
DA:96,0
DA:97,0
DA:98,0
DA:99,0
DA:100,0
DA:101,0
DA:102,0
DA:103,0
DA:104,0
DA:105,0
DA:106,0
DA:107,0
DA:108,0
DA:109,0
DA:110,0
DA:111,0
DA:112,0
DA:113,0
DA:114,0
DA:115,0
DA:116,0
DA:117,0
DA:118,0
DA:119,0
DA:120,0
DA:121,0
DA:122,0
DA:123,0
DA:124,0
DA:125,0
DA:126,0
DA:127,0
DA:128,0
DA:129,0
DA:130,0
DA:131,0
DA:132,0
DA:133,0
DA:134,0
DA:136,0
DA:138,0
DA:139,0
DA:140,0
DA:141,0
DA:142,0
DA:143,0
DA:145,0
DA:147,0
DA:148,0
DA:149,0
DA:150,0
DA:151,0
DA:152,0
DA:154,0
DA:155,0
DA:156,0
DA:157,0
DA:158,0
DA:159,0
DA:161,4
DA:164,4
DA:165,4
DA:166,4
DA:167,0
DA:168,0
DA:169,0
DA:170,0
DA:171,0
DA:173,0
DA:174,0
DA:175,0
DA:176,0
DA:177,0
DA:179,0
DA:180,0
DA:181,0
DA:182,0
DA:183,0
DA:184,0
DA:185,0
DA:186,0
DA:187,0
DA:188,0
DA:189,0
DA:190,0
DA:191,0
DA:192,0
DA:193,0
DA:194,0
DA:195,0
DA:196,0
DA:197,0
DA:198,0
DA:199,0
DA:200,0
DA:201,0
DA:202,0
DA:203,0
DA:204,0
DA:206,0
DA:208,4
DA:209,4
DA:210,4
DA:212,4
LF:163
LH:41
BRDA:27,0,0,4
BRDA:41,1,0,0
BRDA:63,2,0,0
BRDA:152,3,0,0
BRDA:166,4,0,0
BRDA:204,5,0,0
BRDA:29,6,0,12
BRF:7
BRH:2
end_of_record
TN:
SF:src\pages\guest\TourDetailPage.tsx
FN:44,TourDetailPage
FN:59,queryFn
FN:82,nextImage
FN:86,prevImage
FN:90,handleBookNow
FN:155,onClick
FN:170,onClick
FN:305,onClick
FN:332,onClick
FN:340,onClick
FN:376,onClose
FN:385,onClick
FNF:12
FNH:4
FNDA:11,TourDetailPage
FNDA:5,queryFn
FNDA:0,nextImage
FNDA:0,prevImage
FNDA:1,handleBookNow
FNDA:0,onClick
FNDA:0,onClick
FNDA:0,onClick
FNDA:0,onClick
FNDA:0,onClick
FNDA:0,onClose
FNDA:1,onClick
DA:1,1
DA:44,11
DA:45,11
DA:46,11
DA:48,11
DA:49,11
DA:50,11
DA:51,11
DA:53,11
DA:54,11
DA:55,11
DA:56,11
DA:57,11
DA:58,11
DA:59,11
DA:60,11
DA:62,11
DA:63,11
DA:64,11
DA:66,5
DA:67,5
DA:68,5
DA:69,0
DA:70,11
DA:71,11
DA:72,11
DA:73,11
DA:74,11
DA:75,11
DA:76,11
DA:77,11
DA:78,11
DA:79,11
DA:80,11
DA:82,11
DA:83,0
DA:84,0
DA:86,11
DA:87,0
DA:88,0
DA:90,11
DA:91,1
DA:92,1
DA:93,1
DA:94,1
DA:96,0
DA:98,0
DA:99,0
DA:100,0
DA:101,0
DA:102,0
DA:103,0
DA:104,0
DA:105,0
DA:106,0
DA:107,0
DA:108,0
DA:109,0
DA:110,0
DA:111,1
DA:113,11
DA:114,11
DA:115,11
DA:117,11
DA:118,11
DA:120,11
DA:121,11
DA:122,11
DA:124,11
DA:125,11
DA:126,11
DA:127,11
DA:130,11
DA:131,11
DA:132,11
DA:133,11
DA:134,11
DA:135,11
DA:136,11
DA:137,11
DA:138,11
DA:139,11
DA:141,11
DA:142,11
DA:143,11
DA:144,11
DA:145,11
DA:146,11
DA:148,11
DA:149,11
DA:150,11
DA:151,11
DA:152,5
DA:153,5
DA:154,5
DA:155,5
DA:156,5
DA:157,5
DA:158,5
DA:159,5
DA:160,11
DA:161,11
DA:162,11
DA:165,11
DA:166,11
DA:167,5
DA:168,5
DA:169,5
DA:170,5
DA:171,5
DA:172,5
DA:173,5
DA:175,5
DA:176,5
DA:177,11
DA:178,11
DA:180,11
DA:182,11
DA:184,11
DA:185,11
DA:186,11
DA:187,11
DA:188,11
DA:189,11
DA:190,11
DA:191,11
DA:192,11
DA:193,11
DA:194,11
DA:195,11
DA:196,11
DA:197,11
DA:198,11
DA:199,11
DA:200,11
DA:201,11
DA:202,11
DA:203,11
DA:205,11
DA:206,11
DA:207,11
DA:208,11
DA:209,11
DA:211,11
DA:212,11
DA:213,11
DA:214,11
DA:215,11
DA:218,11
DA:219,11
DA:220,11
DA:221,11
DA:222,11
DA:223,11
DA:226,11
DA:227,11
DA:228,11
DA:229,11
DA:230,15
DA:231,15
DA:232,15
DA:233,15
DA:234,11
DA:235,11
DA:236,11
DA:239,11
DA:240,11
DA:241,11
DA:242,11
DA:243,5
DA:244,5
DA:245,5
DA:246,5
DA:247,5
DA:248,5
DA:249,5
DA:250,5
DA:251,5
DA:252,5
DA:254,0
DA:256,11
DA:257,11
DA:260,11
DA:261,11
DA:262,11
DA:263,11
DA:264,11
DA:265,30
DA:266,30
DA:267,30
DA:268,30
DA:269,11
DA:270,11
DA:271,11
DA:272,11
DA:273,11
DA:274,11
DA:275,11
DA:276,15
DA:277,15
DA:278,15
DA:279,15
DA:280,15
DA:281,15
DA:282,11
DA:283,11
DA:284,11
DA:285,11
DA:286,11
DA:289,11
DA:290,11
DA:291,11
DA:292,11
DA:293,11
DA:294,11
DA:295,11
DA:298,11
DA:299,11
DA:300,11
DA:301,11
DA:302,5
DA:303,10
DA:304,10
DA:305,10
DA:306,10
DA:307,10
DA:308,0
DA:309,10
DA:310,10
DA:312,10
DA:313,10
DA:314,10
DA:315,10
DA:316,10
DA:317,5
DA:319,0
DA:321,0
DA:323,11
DA:324,11
DA:327,11
DA:328,11
DA:329,11
DA:330,11
DA:331,11
DA:332,11
DA:333,11
DA:334,11
DA:336,11
DA:337,11
DA:338,11
DA:339,11
DA:340,11
DA:341,11
DA:342,11
DA:344,11
DA:345,11
DA:346,11
DA:349,11
DA:350,11
DA:351,11
DA:352,11
DA:353,11
DA:354,11
DA:355,11
DA:356,11
DA:357,11
DA:358,11
DA:361,11
DA:362,11
DA:363,11
DA:364,11
DA:366,11
DA:368,11
DA:370,11
DA:371,11
DA:372,11
DA:373,11
DA:374,11
DA:376,11
DA:377,11
DA:378,11
DA:379,11
DA:380,11
DA:381,11
DA:383,11
DA:384,11
DA:385,11
DA:386,11
DA:387,11
DA:389,11
DA:390,11
DA:391,11
DA:392,11
DA:394,11
LF:294
LH:271
BRDA:44,0,0,11
BRDA:62,1,0,5
BRDA:62,2,0,6
BRDA:63,3,0,5
BRDA:64,4,0,1
BRDA:64,5,0,5
BRDA:68,6,0,0
BRDA:221,7,0,0
BRDA:242,8,0,5
BRDA:242,9,0,5
BRDA:252,10,0,0
BRDA:301,11,0,5
BRDA:301,12,0,5
BRDA:317,13,0,0
BRDA:59,14,0,5
BRDA:90,15,0,1
BRDA:94,16,0,0
BRDA:151,17,0,5
BRDA:157,18,0,0
BRDA:166,19,0,5
BRDA:172,20,0,0
BRDA:229,21,0,15
BRDA:243,22,0,5
BRDA:264,23,0,30
BRDA:275,24,0,15
BRDA:302,25,0,10
BRDA:307,26,0,0
BRDA:385,27,0,1
BRF:28
BRH:20
end_of_record
TN:
SF:src\pages\guest\ToursPage.tsx
FN:19,GuestToursPage
FN:36,queryFn
FN:84,onClick
FN:94,onChange
FN:107,onClick
FN:114,onClick
FN:137,onChange
FN:156,onChange
FN:167,onClick
FN:186,onAction
FNF:10
FNH:2
FNDA:8,GuestToursPage
FNDA:4,queryFn
FNDA:0,onClick
FNDA:0,onChange
FNDA:0,onClick
FNDA:0,onClick
FNDA:0,onChange
FNDA:0,onChange
FNDA:0,onClick
FNDA:0,onAction
DA:1,1
DA:19,8
DA:20,8
DA:21,8
DA:22,8
DA:23,8
DA:24,8
DA:26,8
DA:27,8
DA:28,8
DA:31,8
DA:32,8
DA:34,8
DA:35,8
DA:36,8
DA:37,4
DA:38,4
DA:39,4
DA:40,4
DA:41,4
DA:42,4
DA:43,8
DA:45,8
DA:48,8
DA:49,8
DA:51,10
DA:52,10
DA:53,10
DA:54,10
DA:55,8
DA:56,8
DA:58,10
DA:59,10
DA:60,10
DA:61,10
DA:62,8
DA:63,8
DA:64,6
DA:65,6
DA:66,6
DA:67,8
DA:69,8
DA:71,4
DA:72,4
DA:73,4
DA:75,4
DA:76,4
DA:77,4
DA:78,4
DA:81,4
DA:83,4
DA:84,4
DA:85,4
DA:87,4
DA:89,4
DA:92,4
DA:93,4
DA:94,4
DA:95,4
DA:96,4
DA:98,4
DA:99,4
DA:100,4
DA:101,4
DA:102,4
DA:105,4
DA:106,4
DA:107,4
DA:108,4
DA:109,8
DA:111,8
DA:112,8
DA:113,8
DA:114,8
DA:115,8
DA:116,8
DA:118,8
DA:119,8
DA:120,8
DA:121,8
DA:124,8
DA:125,0
DA:126,0
DA:127,0
DA:128,0
DA:129,0
DA:130,0
DA:131,0
DA:133,0
DA:134,0
DA:135,0
DA:136,0
DA:137,0
DA:138,0
DA:140,0
DA:141,0
DA:142,0
DA:143,0
DA:144,0
DA:145,0
DA:146,0
DA:147,0
DA:148,0
DA:149,0
DA:150,0
DA:152,0
DA:153,0
DA:154,0
DA:155,0
DA:156,0
DA:157,0
DA:159,0
DA:160,0
DA:161,0
DA:162,0
DA:163,0
DA:164,0
DA:165,0
DA:166,0
DA:167,0
DA:168,0
DA:169,0
DA:170,0
DA:171,0
DA:173,0
DA:174,0
DA:175,0
DA:176,0
DA:177,0
DA:181,8
DA:182,0
DA:183,0
DA:184,0
DA:185,0
DA:186,0
DA:188,0
DA:189,0
DA:190,4
DA:191,4
DA:192,4
DA:193,10
DA:194,10
DA:195,10
DA:197,10
DA:198,10
DA:199,10
DA:200,10
DA:201,10
DA:202,0
DA:204,10
DA:205,10
DA:206,10
DA:207,10
DA:209,10
DA:210,10
DA:211,10
DA:212,10
DA:213,10
DA:214,10
DA:215,10
DA:216,10
DA:217,10
DA:218,10
DA:219,10
DA:220,10
DA:221,10
DA:222,10
DA:223,10
DA:224,10
DA:225,10
DA:226,10
DA:227,10
DA:228,10
DA:229,10
DA:230,10
DA:231,10
DA:232,10
DA:233,10
DA:234,10
DA:235,10
DA:236,10
DA:237,10
DA:238,10
DA:239,10
DA:240,10
DA:241,10
DA:243,10
DA:244,10
DA:245,10
DA:246,10
DA:247,4
DA:248,4
DA:250,0
DA:251,0
DA:252,0
DA:253,0
DA:254,0
DA:256,0
DA:257,0
DA:258,0
DA:259,0
DA:260,0
DA:261,0
DA:263,0
DA:264,0
DA:265,0
DA:266,0
DA:267,0
DA:268,0
DA:269,0
DA:271,0
DA:272,0
DA:273,0
DA:274,0
DA:275,0
DA:276,0
DA:277,0
DA:278,0
DA:279,0
DA:280,0
DA:281,0
DA:282,0
DA:283,0
DA:284,0
DA:285,0
DA:286,0
DA:287,0
DA:288,0
DA:289,0
DA:290,0
DA:291,0
DA:292,0
DA:293,0
DA:294,0
DA:295,0
DA:296,0
DA:297,0
DA:298,0
DA:299,0
DA:300,0
DA:302,0
DA:303,0
DA:304,0
DA:305,0
DA:306,0
DA:307,0
DA:309,8
DA:310,8
DA:312,8
LF:249
LH:139
BRDA:19,0,0,8
BRDA:21,1,0,4
BRDA:22,2,0,4
BRDA:23,3,0,6
BRDA:24,4,0,6
BRDA:45,5,0,4
BRDA:45,6,0,4
BRDA:69,7,0,4
BRDA:109,8,0,0
BRDA:116,9,0,0
BRDA:116,10,0,4
BRDA:124,11,0,0
BRDA:181,12,0,0
BRDA:189,13,0,4
BRDA:248,14,0,0
BRDA:36,15,0,4
BRDA:49,16,0,10
BRDA:51,17,0,0
BRDA:52,18,0,0
BRDA:53,19,0,0
BRDA:56,20,0,10
BRDA:58,21,0,0
BRDA:59,22,0,0
BRDA:60,23,0,0
BRDA:63,24,0,6
BRDA:64,25,0,0
BRDA:65,26,0,0
BRDA:192,27,0,10
BRDA:201,28,0,0
BRDA:215,29,0,0
BRF:30
BRH:15
end_of_record
TN:
SF:src\stores\authStore.ts
FN:31,__vite_ssr_import_0__.create.__vite_ssr_import_1__.persist.name
FN:38,login
FN:43,logout
FN:49,fetchUser
FN:73,partialize
FNF:5
FNH:5
FNDA:17,__vite_ssr_import_0__.create.__vite_ssr_import_1__.persist.name
FNDA:3,login
FNDA:1,logout
FNDA:3,fetchUser
FNDA:353,partialize
DA:1,1
DA:29,1
DA:30,1
DA:31,1
DA:32,17
DA:33,17
DA:34,17
DA:35,17
DA:36,17
DA:38,17
DA:39,3
DA:40,3
DA:41,3
DA:43,17
DA:44,1
DA:45,1
DA:46,1
DA:47,1
DA:49,17
DA:50,3
DA:51,3
DA:53,2
DA:54,2
DA:55,2
DA:56,1
DA:57,1
DA:58,1
DA:59,1
DA:60,1
DA:61,1
DA:62,1
DA:63,1
DA:64,1
DA:65,1
DA:66,1
DA:67,1
DA:68,1
DA:69,3
DA:70,17
DA:71,1
DA:72,1
DA:73,1
DA:74,1
DA:75,1
DA:76,1
LF:45
LH:45
BRDA:31,0,0,17
BRDA:38,1,0,3
BRDA:43,2,0,1
BRDA:49,3,0,3
BRDA:51,4,0,1
BRDA:51,5,0,2
BRDA:55,6,0,1
BRDA:66,7,0,0
BRDA:73,8,0,353
BRF:9
BRH:8
end_of_record
