TN:
SF:src\lib\format.ts
FN:2,formatPrice
FN:6,formatDate
FN:13,formatDateTime
FNF:3
FNH:3
FNDA:103,formatPrice
FNDA:54,formatDate
FNDA:1,formatDateTime
DA:2,1
DA:3,103
DA:4,103
DA:6,1
DA:7,54
DA:8,53
DA:9,54
DA:10,52
DA:11,52
DA:13,1
DA:14,1
DA:15,1
LF:12
LH:12
BRDA:2,0,0,103
BRDA:6,1,0,54
BRDA:7,2,0,1
BRDA:7,3,0,53
BRDA:9,4,0,1
BRDA:9,5,0,52
BRDA:13,6,0,1
BRF:7
BRH:7
end_of_record
TN:
SF:src\lib\status.ts
FNF:0
FNH:0
DA:1,1
DA:3,1
DA:4,1
DA:5,1
DA:6,1
DA:7,1
DA:8,1
DA:10,1
DA:11,1
DA:12,1
DA:13,1
DA:14,1
DA:16,1
DA:17,1
DA:18,1
DA:19,1
DA:20,1
DA:21,1
DA:23,1
DA:24,1
DA:25,1
DA:26,1
DA:27,1
DA:29,1
DA:30,1
DA:31,1
DA:32,1
DA:33,1
LF:28
LH:28
BRF:0
BRH:0
end_of_record
TN:
SF:src\pages\auth\RegisterPage.tsx
FN:6,RegisterPage
FN:21,handleChange
FN:25,handleSubmit
FN:181,onClick
FN:218,onClick
FN:231,onChange
FNF:6
FNH:4
FNDA:259,RegisterPage
FNDA:243,handleChange
FNDA:4,handleSubmit
FNDA:0,onClick
FNDA:0,onClick
FNDA:3,onChange
DA:1,1
DA:6,259
DA:7,259
DA:8,259
DA:9,259
DA:10,259
DA:11,259
DA:12,259
DA:13,259
DA:14,259
DA:15,259
DA:16,259
DA:17,259
DA:18,259
DA:19,259
DA:21,259
DA:22,243
DA:23,243
DA:25,259
DA:26,4
DA:27,4
DA:29,4
DA:31,4
DA:32,1
DA:33,1
DA:34,1
DA:36,4
DA:37,1
DA:38,1
DA:39,1
DA:41,2
DA:43,2
DA:44,2
DA:45,2
DA:46,2
DA:47,2
DA:48,2
DA:49,2
DA:50,2
DA:51,1
DA:52,1
DA:53,1
DA:54,1
DA:55,4
DA:56,2
DA:57,2
DA:58,4
DA:60,259
DA:61,259
DA:62,259
DA:63,259
DA:64,259
DA:65,259
DA:67,259
DA:68,259
DA:70,259
DA:71,259
DA:72,259
DA:73,259
DA:74,259
DA:75,259
DA:76,259
DA:78,259
DA:80,259
DA:81,259
DA:82,259
DA:84,259
DA:85,259
DA:86,259
DA:88,259
DA:90,259
DA:91,259
DA:92,259
DA:93,259
DA:95,259
DA:96,259
DA:98,259
DA:99,259
DA:100,3
DA:101,3
DA:102,3
DA:106,259
DA:107,259
DA:109,259
DA:110,259
DA:111,259
DA:112,259
DA:113,259
DA:114,259
DA:115,259
DA:116,259
DA:117,259
DA:118,259
DA:119,259
DA:120,259
DA:121,259
DA:122,259
DA:123,259
DA:125,259
DA:126,259
DA:128,259
DA:129,259
DA:130,259
DA:131,259
DA:132,259
DA:133,259
DA:134,259
DA:135,259
DA:136,259
DA:137,259
DA:138,259
DA:139,259
DA:140,259
DA:141,259
DA:142,259
DA:144,259
DA:145,259
DA:147,259
DA:148,259
DA:149,259
DA:150,259
DA:151,259
DA:152,259
DA:153,259
DA:154,259
DA:155,259
DA:156,259
DA:157,259
DA:158,259
DA:159,259
DA:160,259
DA:161,259
DA:163,259
DA:164,259
DA:166,259
DA:167,259
DA:168,259
DA:169,259
DA:170,259
DA:171,259
DA:172,259
DA:173,259
DA:174,259
DA:175,259
DA:176,259
DA:177,259
DA:178,259
DA:179,259
DA:180,259
DA:181,259
DA:182,259
DA:184,259
DA:185,259
DA:186,259
DA:189,259
DA:190,259
DA:191,1036
DA:192,1036
DA:193,1036
DA:194,1036
DA:195,259
DA:196,259
DA:197,259
DA:200,259
DA:201,259
DA:203,259
DA:204,259
DA:205,259
DA:206,259
DA:207,259
DA:208,259
DA:209,259
DA:210,259
DA:211,259
DA:212,259
DA:213,259
DA:214,259
DA:215,259
DA:216,259
DA:217,259
DA:218,259
DA:219,259
DA:221,259
DA:222,259
DA:223,259
DA:224,259
DA:227,259
DA:228,259
DA:229,259
DA:230,259
DA:231,259
DA:232,259
DA:233,259
DA:234,259
DA:235,259
DA:236,259
DA:237,259
DA:238,259
DA:239,259
DA:240,259
DA:243,259
DA:244,259
DA:245,259
DA:246,259
DA:248,259
DA:249,2
DA:250,2
DA:251,2
DA:252,2
DA:253,2
DA:254,2
DA:255,2
DA:257,257
DA:259,259
DA:260,259
DA:263,259
DA:264,259
DA:265,259
DA:266,259
DA:267,259
DA:270,259
DA:271,259
DA:272,259
DA:273,259
DA:274,259
DA:275,259
DA:276,259
DA:277,259
DA:278,259
DA:279,259
DA:280,259
DA:283,259
DA:284,259
DA:285,259
DA:287,259
DA:288,259
DA:289,259
DA:290,259
DA:291,259
DA:293,259
LF:240
LH:240
BRDA:6,0,0,259
BRDA:64,1,0,165
BRDA:99,2,0,3
BRDA:172,3,0,0
BRDA:184,4,0,0
BRDA:209,5,0,0
BRDA:221,6,0,0
BRDA:248,7,0,2
BRDA:255,8,0,257
BRDA:21,9,0,243
BRDA:22,10,0,243
BRDA:25,11,0,4
BRDA:27,12,0,0
BRDA:31,13,0,1
BRDA:34,14,0,3
BRDA:36,15,0,1
BRDA:39,16,0,2
BRDA:50,17,0,1
BRDA:54,18,0,0
BRDA:55,19,0,2
BRDA:190,20,0,1036
BRDA:191,21,0,248
BRDA:191,22,0,788
BRDA:192,23,0,248
BRDA:192,24,0,788
BRDA:231,25,0,3
BRF:26
BRH:20
end_of_record
TN:
SF:src\pages\guest\CheckoutPage.tsx
FN:22,CheckoutPage
FN:42,onClick
FN:51,handleInputChange
FN:56,handleStep1
FN:72,handleStep2
FN:83,handleNext
FN:186,onChange
FN:194,onChange
FN:202,onChange
FN:212,onClick
FNF:10
FNH:4
FNDA:51,CheckoutPage
FNDA:0,onClick
FNDA:44,handleInputChange
FNDA:3,handleStep1
FNDA:0,handleStep2
FNDA:3,handleNext
FNDA:0,onChange
FNDA:0,onChange
FNDA:0,onChange
FNDA:0,onClick
DA:1,1
DA:22,51
DA:23,51
DA:24,51
DA:25,51
DA:27,51
DA:28,51
DA:29,51
DA:30,51
DA:31,51
DA:32,51
DA:33,51
DA:34,51
DA:35,51
DA:37,51
DA:38,1
DA:39,1
DA:40,1
DA:41,1
DA:42,1
DA:43,1
DA:44,1
DA:46,1
DA:48,50
DA:49,50
DA:51,50
DA:52,44
DA:53,44
DA:54,44
DA:56,50
DA:57,3
DA:58,3
DA:59,1
DA:60,1
DA:61,1
DA:63,2
DA:64,2
DA:65,1
DA:66,1
DA:67,1
DA:68,1
DA:69,1
DA:70,3
DA:72,50
DA:73,0
DA:75,0
DA:76,0
DA:77,0
DA:78,0
DA:79,0
DA:80,0
DA:81,0
DA:83,50
DA:84,3
DA:85,0
DA:86,3
DA:88,50
DA:89,50
DA:90,50
DA:91,50
DA:92,50
DA:93,50
DA:95,50
DA:97,50
DA:99,50
DA:100,50
DA:101,150
DA:102,150
DA:103,150
DA:104,150
DA:105,51
DA:106,99
DA:107,150
DA:109,150
DA:110,150
DA:111,150
DA:112,150
DA:113,150
DA:114,150
DA:115,150
DA:116,50
DA:117,50
DA:119,50
DA:120,50
DA:121,50
DA:122,49
DA:123,49
DA:124,49
DA:125,49
DA:126,49
DA:127,49
DA:128,49
DA:129,49
DA:130,49
DA:131,49
DA:132,49
DA:133,49
DA:134,49
DA:135,49
DA:136,49
DA:137,49
DA:138,49
DA:139,49
DA:140,49
DA:141,49
DA:142,49
DA:143,49
DA:144,49
DA:145,49
DA:146,49
DA:147,49
DA:148,49
DA:149,49
DA:150,49
DA:151,49
DA:152,49
DA:153,49
DA:154,49
DA:155,49
DA:156,49
DA:157,49
DA:158,49
DA:159,49
DA:160,49
DA:161,49
DA:162,49
DA:163,49
DA:164,49
DA:165,49
DA:166,49
DA:167,49
DA:168,49
DA:169,49
DA:170,49
DA:171,49
DA:172,49
DA:173,49
DA:174,49
DA:175,49
DA:177,49
DA:178,49
DA:181,51
DA:182,1
DA:183,1
DA:184,1
DA:185,1
DA:186,1
DA:187,1
DA:188,1
DA:189,1
DA:190,1
DA:191,1
DA:192,1
DA:193,1
DA:194,1
DA:195,1
DA:196,1
DA:197,1
DA:198,1
DA:199,1
DA:200,1
DA:201,1
DA:202,1
DA:203,1
DA:204,1
DA:205,1
DA:206,1
DA:207,1
DA:208,1
DA:209,1
DA:210,1
DA:211,1
DA:212,1
DA:213,1
DA:214,1
DA:216,1
DA:217,1
DA:218,1
DA:219,1
DA:220,1
DA:222,1
DA:223,1
DA:224,1
DA:227,51
DA:228,0
DA:229,0
DA:230,0
DA:231,0
DA:232,0
DA:233,0
DA:235,0
DA:236,0
DA:237,0
DA:238,0
DA:239,0
DA:240,0
DA:241,0
DA:242,0
DA:243,0
DA:245,0
DA:246,0
DA:248,51
DA:250,51
DA:251,51
DA:252,51
DA:254,51
DA:255,51
DA:256,51
DA:257,51
DA:258,51
DA:259,51
DA:260,51
DA:261,51
DA:262,51
DA:263,51
DA:264,51
DA:266,51
DA:267,51
DA:268,51
DA:269,51
DA:270,51
DA:271,51
DA:272,51
DA:273,51
DA:274,51
DA:275,51
DA:276,51
DA:277,51
DA:278,51
DA:279,51
DA:281,51
DA:282,51
DA:283,51
DA:284,51
DA:285,51
DA:286,51
DA:288,51
DA:289,51
DA:290,51
DA:291,51
DA:292,51
DA:293,51
DA:294,51
DA:295,51
DA:296,51
DA:298,51
LF:246
LH:220
BRDA:22,0,0,51
BRDA:37,1,0,1
BRDA:46,2,0,50
BRDA:121,3,0,49
BRDA:181,4,0,1
BRDA:227,5,0,0
BRDA:51,6,0,44
BRDA:53,7,0,44
BRDA:56,8,0,3
BRDA:58,9,0,2
BRDA:58,10,0,2
BRDA:58,11,0,1
BRDA:61,12,0,2
BRDA:64,13,0,1
BRDA:68,14,0,0
BRDA:83,15,0,3
BRDA:84,16,0,0
BRDA:100,17,0,150
BRDA:104,18,0,51
BRDA:105,19,0,99
BRDA:109,20,0,1
BRDA:109,21,0,149
BRDA:111,22,0,51
BRDA:111,23,0,99
BRDA:112,24,0,50
BRDA:112,25,0,100
BRDA:112,26,0,50
BRDA:112,27,0,50
BRDA:114,28,0,100
BRF:29
BRH:26
end_of_record
TN:
SF:src\stores\authStore.ts
FN:30,__vite_ssr_import_0__.create.__vite_ssr_import_1__.persist.name
FN:37,login
FN:42,logout
FN:47,fetchUser
FN:70,partialize
FNF:5
FNH:5
FNDA:1,__vite_ssr_import_0__.create.__vite_ssr_import_1__.persist.name
FNDA:2,login
FNDA:1,logout
FNDA:3,fetchUser
FNDA:16,partialize
DA:1,1
DA:28,1
DA:29,1
DA:30,1
DA:31,1
DA:32,1
DA:33,1
DA:34,1
DA:35,1
DA:37,1
DA:38,2
DA:39,2
DA:40,2
DA:42,1
DA:43,1
DA:44,1
DA:45,1
DA:47,1
DA:48,3
DA:49,3
DA:51,2
DA:52,2
DA:53,2
DA:54,1
DA:55,1
DA:57,1
DA:58,1
DA:59,1
DA:60,1
DA:61,1
DA:62,1
DA:63,1
DA:64,1
DA:65,1
DA:66,3
DA:67,1
DA:68,1
DA:69,1
DA:70,1
DA:71,1
DA:72,1
DA:73,1
LF:42
LH:42
BRDA:30,0,0,1
BRDA:37,1,0,2
BRDA:42,2,0,1
BRDA:47,3,0,3
BRDA:49,4,0,1
BRDA:49,5,0,2
BRDA:53,6,0,1
BRDA:63,7,0,0
BRDA:70,8,0,16
BRF:9
BRH:8
end_of_record
